Analysis & Synthesis report for FunctionGenerator
Sat May 28 13:12:15 2022
Quartus Prime Version 20.1.0 Build 711 06/05/2020 SJ Lite Edition


---------------------
; Table of Contents ;
---------------------
  1. Legal Notice
  2. Analysis & Synthesis Summary
  3. Analysis & Synthesis Settings
  4. Parallel Compilation
  5. Analysis & Synthesis Source Files Read
  6. Analysis & Synthesis Resource Usage Summary
  7. Analysis & Synthesis Resource Utilization by Entity
  8. Analysis & Synthesis RAM Summary
  9. Analysis & Synthesis IP Cores Summary
 10. User-Specified and Inferred Latches
 11. Registers Removed During Synthesis
 12. General Register Statistics
 13. Multiplexer Restructuring Statistics (Restructuring Performed)
 14. Source assignments for ROM:rom|altsyncram:altsyncram_component|altsyncram_0191:auto_generated
 15. Parameter Settings for User Entity Instance: ROM:rom|altsyncram:altsyncram_component
 16. Parameter Settings for Inferred Entity Instance: WaveformGen:funcgen|lpm_divide:Div0
 17. altsyncram Parameter Settings by Entity Instance
 18. Post-Synthesis Netlist Statistics for Top Partition
 19. Elapsed Time Per Partition
 20. Analysis & Synthesis Messages



----------------
; Legal Notice ;
----------------
Copyright (C) 2020  Intel Corporation. All rights reserved.
Your use of Intel Corporation's design tools, logic functions 
and other software and tools, and any partner logic 
functions, and any output files from any of the foregoing 
(including device programming or simulation files), and any 
associated documentation or information are expressly subject 
to the terms and conditions of the Intel Program License 
Subscription Agreement, the Intel Quartus Prime License Agreement,
the Intel FPGA IP License Agreement, or other applicable license
agreement, including, without limitation, that your use is for
the sole purpose of programming logic devices manufactured by
Intel and sold by Intel or its authorized distributors.  Please
refer to the applicable agreement for further details, at
https://fpgasoftware.intel.com/eula.



+----------------------------------------------------------------------------------+
; Analysis & Synthesis Summary                                                     ;
+------------------------------------+---------------------------------------------+
; Analysis & Synthesis Status        ; Successful - Sat May 28 13:12:14 2022       ;
; Quartus Prime Version              ; 20.1.0 Build 711 06/05/2020 SJ Lite Edition ;
; Revision Name                      ; FunctionGenerator                           ;
; Top-level Entity Name              ; FunctionGenerator                           ;
; Family                             ; Cyclone IV E                                ;
; Total logic elements               ; 184                                         ;
;     Total combinational functions  ; 184                                         ;
;     Dedicated logic registers      ; 25                                          ;
; Total registers                    ; 25                                          ;
; Total pins                         ; 21                                          ;
; Total virtual pins                 ; 0                                           ;
; Total memory bits                  ; 2,048                                       ;
; Embedded Multiplier 9-bit elements ; 0                                           ;
; Total PLLs                         ; 0                                           ;
+------------------------------------+---------------------------------------------+


+------------------------------------------------------------------------------------------------------------+
; Analysis & Synthesis Settings                                                                              ;
+------------------------------------------------------------------+--------------------+--------------------+
; Option                                                           ; Setting            ; Default Value      ;
+------------------------------------------------------------------+--------------------+--------------------+
; Device                                                           ; EP4CE6E22A7        ;                    ;
; Top-level entity name                                            ; FunctionGenerator  ; FunctionGenerator  ;
; Family name                                                      ; Cyclone IV E       ; Cyclone V          ;
; Use smart compilation                                            ; Off                ; Off                ;
; Enable parallel Assembler and Timing Analyzer during compilation ; On                 ; On                 ;
; Enable compact report table                                      ; Off                ; Off                ;
; Restructure Multiplexers                                         ; Auto               ; Auto               ;
; Create Debugging Nodes for IP Cores                              ; Off                ; Off                ;
; Preserve fewer node names                                        ; On                 ; On                 ;
; Intel FPGA IP Evaluation Mode                                    ; Enable             ; Enable             ;
; Verilog Version                                                  ; Verilog_2001       ; Verilog_2001       ;
; VHDL Version                                                     ; VHDL_1993          ; VHDL_1993          ;
; State Machine Processing                                         ; Auto               ; Auto               ;
; Safe State Machine                                               ; Off                ; Off                ;
; Extract Verilog State Machines                                   ; On                 ; On                 ;
; Extract VHDL State Machines                                      ; On                 ; On                 ;
; Ignore Verilog initial constructs                                ; Off                ; Off                ;
; Iteration limit for constant Verilog loops                       ; 5000               ; 5000               ;
; Iteration limit for non-constant Verilog loops                   ; 250                ; 250                ;
; Add Pass-Through Logic to Inferred RAMs                          ; On                 ; On                 ;
; Infer RAMs from Raw Logic                                        ; On                 ; On                 ;
; Parallel Synthesis                                               ; On                 ; On                 ;
; DSP Block Balancing                                              ; Auto               ; Auto               ;
; NOT Gate Push-Back                                               ; On                 ; On                 ;
; Power-Up Don't Care                                              ; On                 ; On                 ;
; Remove Redundant Logic Cells                                     ; Off                ; Off                ;
; Remove Duplicate Registers                                       ; On                 ; On                 ;
; Ignore CARRY Buffers                                             ; Off                ; Off                ;
; Ignore CASCADE Buffers                                           ; Off                ; Off                ;
; Ignore GLOBAL Buffers                                            ; Off                ; Off                ;
; Ignore ROW GLOBAL Buffers                                        ; Off                ; Off                ;
; Ignore LCELL Buffers                                             ; Off                ; Off                ;
; Ignore SOFT Buffers                                              ; On                 ; On                 ;
; Limit AHDL Integers to 32 Bits                                   ; Off                ; Off                ;
; Optimization Technique                                           ; Balanced           ; Balanced           ;
; Carry Chain Length                                               ; 70                 ; 70                 ;
; Auto Carry Chains                                                ; On                 ; On                 ;
; Auto Open-Drain Pins                                             ; On                 ; On                 ;
; Perform WYSIWYG Primitive Resynthesis                            ; Off                ; Off                ;
; Auto ROM Replacement                                             ; On                 ; On                 ;
; Auto RAM Replacement                                             ; On                 ; On                 ;
; Auto DSP Block Replacement                                       ; On                 ; On                 ;
; Auto Shift Register Replacement                                  ; Auto               ; Auto               ;
; Allow Shift Register Merging across Hierarchies                  ; Auto               ; Auto               ;
; Auto Clock Enable Replacement                                    ; On                 ; On                 ;
; Strict RAM Replacement                                           ; Off                ; Off                ;
; Allow Synchronous Control Signals                                ; On                 ; On                 ;
; Force Use of Synchronous Clear Signals                           ; Off                ; Off                ;
; Auto RAM Block Balancing                                         ; On                 ; On                 ;
; Auto RAM to Logic Cell Conversion                                ; Off                ; Off                ;
; Auto Resource Sharing                                            ; Off                ; Off                ;
; Allow Any RAM Size For Recognition                               ; Off                ; Off                ;
; Allow Any ROM Size For Recognition                               ; Off                ; Off                ;
; Allow Any Shift Register Size For Recognition                    ; Off                ; Off                ;
; Use LogicLock Constraints during Resource Balancing              ; On                 ; On                 ;
; Ignore translate_off and synthesis_off directives                ; Off                ; Off                ;
; Timing-Driven Synthesis                                          ; On                 ; On                 ;
; Report Parameter Settings                                        ; On                 ; On                 ;
; Report Source Assignments                                        ; On                 ; On                 ;
; Report Connectivity Checks                                       ; On                 ; On                 ;
; Ignore Maximum Fan-Out Assignments                               ; Off                ; Off                ;
; Synchronization Register Chain Length                            ; 2                  ; 2                  ;
; Power Optimization During Synthesis                              ; Normal compilation ; Normal compilation ;
; HDL message level                                                ; Level2             ; Level2             ;
; Suppress Register Optimization Related Messages                  ; Off                ; Off                ;
; Number of Removed Registers Reported in Synthesis Report         ; 5000               ; 5000               ;
; Number of Swept Nodes Reported in Synthesis Report               ; 5000               ; 5000               ;
; Number of Inverted Registers Reported in Synthesis Report        ; 100                ; 100                ;
; Clock MUX Protection                                             ; On                 ; On                 ;
; Auto Gated Clock Conversion                                      ; Off                ; Off                ;
; Block Design Naming                                              ; Auto               ; Auto               ;
; SDC constraint protection                                        ; Off                ; Off                ;
; Synthesis Effort                                                 ; Auto               ; Auto               ;
; Shift Register Replacement - Allow Asynchronous Clear Signal     ; On                 ; On                 ;
; Pre-Mapping Resynthesis Optimization                             ; Off                ; Off                ;
; Analysis & Synthesis Message Level                               ; Medium             ; Medium             ;
; Disable Register Merging Across Hierarchies                      ; Auto               ; Auto               ;
; Resource Aware Inference For Block RAM                           ; On                 ; On                 ;
+------------------------------------------------------------------+--------------------+--------------------+


+------------------------------------------+
; Parallel Compilation                     ;
+----------------------------+-------------+
; Processors                 ; Number      ;
+----------------------------+-------------+
; Number detected on machine ; 4           ;
; Maximum allowed            ; 2           ;
;                            ;             ;
; Average used               ; 1.00        ;
; Maximum used               ; 2           ;
;                            ;             ;
; Usage by Processor         ; % Time Used ;
;     Processor 1            ; 100.0%      ;
;     Processor 2            ;   0.1%      ;
+----------------------------+-------------+


+--------------------------------------------------------------------------------------------------------------------------------------------------------------------------------------+
; Analysis & Synthesis Source Files Read                                                                                                                                               ;
+----------------------------------+-----------------+----------------------------------------+------------------------------------------------------------------------------+---------+
; File Name with User-Entered Path ; Used in Netlist ; File Type                              ; File Name with Absolute Path                                                 ; Library ;
+----------------------------------+-----------------+----------------------------------------+------------------------------------------------------------------------------+---------+
; ../model/DAC.v                   ; yes             ; User Verilog HDL File                  ; D:/ava/term4/FLAT/DLD/model/DAC.v                                            ;         ;
; ../model/AmplitudeSelector.v     ; yes             ; User Verilog HDL File                  ; D:/ava/term4/FLAT/DLD/model/AmplitudeSelector.v                              ;         ;
; ../model/Mux.v                   ; yes             ; User Verilog HDL File                  ; D:/ava/term4/FLAT/DLD/model/Mux.v                                            ;         ;
; ../model/Register.v              ; yes             ; User Verilog HDL File                  ; D:/ava/term4/FLAT/DLD/model/Register.v                                       ;         ;
; ../model/Counter8bit.v           ; yes             ; User Verilog HDL File                  ; D:/ava/term4/FLAT/DLD/model/Counter8bit.v                                    ;         ;
; ../model/Adder.v                 ; yes             ; User Verilog HDL File                  ; D:/ava/term4/FLAT/DLD/model/Adder.v                                          ;         ;
; ../model/WaveformGen.v           ; yes             ; User Verilog HDL File                  ; D:/ava/term4/FLAT/DLD/model/WaveformGen.v                                    ;         ;
; FunctionGenerator.bdf            ; yes             ; User Block Diagram/Schematic File      ; D:/ava/term4/FLAT/DLD/quart/FunctionGenerator.bdf                            ;         ;
; ROM.v                            ; yes             ; User Wizard-Generated File             ; D:/ava/term4/FLAT/DLD/quart/ROM.v                                            ;         ;
; 7476.bdf                         ; yes             ; Megafunction                           ; c:/intelfpga_lite/20.1/quartus/libraries/others/maxplus2/7476.bdf            ;         ;
; altsyncram.tdf                   ; yes             ; Megafunction                           ; c:/intelfpga_lite/20.1/quartus/libraries/megafunctions/altsyncram.tdf        ;         ;
; stratix_ram_block.inc            ; yes             ; Megafunction                           ; c:/intelfpga_lite/20.1/quartus/libraries/megafunctions/stratix_ram_block.inc ;         ;
; lpm_mux.inc                      ; yes             ; Megafunction                           ; c:/intelfpga_lite/20.1/quartus/libraries/megafunctions/lpm_mux.inc           ;         ;
; lpm_decode.inc                   ; yes             ; Megafunction                           ; c:/intelfpga_lite/20.1/quartus/libraries/megafunctions/lpm_decode.inc        ;         ;
; aglobal201.inc                   ; yes             ; Megafunction                           ; c:/intelfpga_lite/20.1/quartus/libraries/megafunctions/aglobal201.inc        ;         ;
; a_rdenreg.inc                    ; yes             ; Megafunction                           ; c:/intelfpga_lite/20.1/quartus/libraries/megafunctions/a_rdenreg.inc         ;         ;
; altrom.inc                       ; yes             ; Megafunction                           ; c:/intelfpga_lite/20.1/quartus/libraries/megafunctions/altrom.inc            ;         ;
; altram.inc                       ; yes             ; Megafunction                           ; c:/intelfpga_lite/20.1/quartus/libraries/megafunctions/altram.inc            ;         ;
; altdpram.inc                     ; yes             ; Megafunction                           ; c:/intelfpga_lite/20.1/quartus/libraries/megafunctions/altdpram.inc          ;         ;
; db/altsyncram_0191.tdf           ; yes             ; Auto-Generated Megafunction            ; D:/ava/term4/FLAT/DLD/quart/db/altsyncram_0191.tdf                           ;         ;
; file.mif                         ; yes             ; Auto-Found Memory Initialization File  ; D:/ava/term4/FLAT/DLD/quart/file.mif                                         ;         ;
; lpm_divide.tdf                   ; yes             ; Megafunction                           ; c:/intelfpga_lite/20.1/quartus/libraries/megafunctions/lpm_divide.tdf        ;         ;
; abs_divider.inc                  ; yes             ; Megafunction                           ; c:/intelfpga_lite/20.1/quartus/libraries/megafunctions/abs_divider.inc       ;         ;
; sign_div_unsign.inc              ; yes             ; Megafunction                           ; c:/intelfpga_lite/20.1/quartus/libraries/megafunctions/sign_div_unsign.inc   ;         ;
; db/lpm_divide_nhm.tdf            ; yes             ; Auto-Generated Megafunction            ; D:/ava/term4/FLAT/DLD/quart/db/lpm_divide_nhm.tdf                            ;         ;
; db/sign_div_unsign_fkh.tdf       ; yes             ; Auto-Generated Megafunction            ; D:/ava/term4/FLAT/DLD/quart/db/sign_div_unsign_fkh.tdf                       ;         ;
; db/alt_u_div_i4f.tdf             ; yes             ; Auto-Generated Megafunction            ; D:/ava/term4/FLAT/DLD/quart/db/alt_u_div_i4f.tdf                             ;         ;
; db/add_sub_7pc.tdf               ; yes             ; Auto-Generated Megafunction            ; D:/ava/term4/FLAT/DLD/quart/db/add_sub_7pc.tdf                               ;         ;
; db/add_sub_8pc.tdf               ; yes             ; Auto-Generated Megafunction            ; D:/ava/term4/FLAT/DLD/quart/db/add_sub_8pc.tdf                               ;         ;
+----------------------------------+-----------------+----------------------------------------+------------------------------------------------------------------------------+---------+


+---------------------------------------------------------+
; Analysis & Synthesis Resource Usage Summary             ;
+---------------------------------------------+-----------+
; Resource                                    ; Usage     ;
+---------------------------------------------+-----------+
; Estimated Total logic elements              ; 184       ;
;                                             ;           ;
; Total combinational functions               ; 184       ;
; Logic element usage by number of LUT inputs ;           ;
;     -- 4 input functions                    ; 77        ;
;     -- 3 input functions                    ; 67        ;
;     -- <=2 input functions                  ; 40        ;
;                                             ;           ;
; Logic elements by mode                      ;           ;
;     -- normal mode                          ; 131       ;
;     -- arithmetic mode                      ; 53        ;
;                                             ;           ;
; Total registers                             ; 25        ;
;     -- Dedicated logic registers            ; 25        ;
;     -- I/O registers                        ; 0         ;
;                                             ;           ;
; I/O pins                                    ; 21        ;
; Total memory bits                           ; 2048      ;
;                                             ;           ;
; Embedded Multiplier 9-bit elements          ; 0         ;
;                                             ;           ;
; Maximum fan-out node                        ; rst~input ;
; Maximum fan-out                             ; 36        ;
; Total fan-out                               ; 747       ;
; Average fan-out                             ; 2.88      ;
+---------------------------------------------+-----------+


+----------------------------------------------------------------------------------------------------------------------------------------------------------------------------------------------------------------------------------------------------------------------------------------------------------------------------------------------------+
; Analysis & Synthesis Resource Utilization by Entity                                                                                                                                                                                                                                                                                                ;
+-------------------------------------------+---------------------+---------------------------+-------------+--------------+---------+-----------+------+--------------+----------------------------------------------------------------------------------------------------------------------------------------+---------------------+--------------+
; Compilation Hierarchy Node                ; Combinational ALUTs ; Dedicated Logic Registers ; Memory Bits ; DSP Elements ; DSP 9x9 ; DSP 18x18 ; Pins ; Virtual Pins ; Full Hierarchy Name                                                                                                                    ; Entity Name         ; Library Name ;
+-------------------------------------------+---------------------+---------------------------+-------------+--------------+---------+-----------+------+--------------+----------------------------------------------------------------------------------------------------------------------------------------+---------------------+--------------+
; |FunctionGenerator                        ; 184 (0)             ; 25 (0)                    ; 2048        ; 0            ; 0       ; 0         ; 21   ; 0            ; |FunctionGenerator                                                                                                                     ; FunctionGenerator   ; work         ;
;    |7476:flipglop|                        ; 1 (1)               ; 1 (1)                     ; 0           ; 0            ; 0       ; 0         ; 0    ; 0            ; |FunctionGenerator|7476:flipglop                                                                                                       ; 7476                ; work         ;
;    |AmplitudeSelector:as|                 ; 22 (22)             ; 0 (0)                     ; 0           ; 0            ; 0       ; 0         ; 0    ; 0            ; |FunctionGenerator|AmplitudeSelector:as                                                                                                ; AmplitudeSelector   ; work         ;
;    |Counter8Bit:counter|                  ; 37 (37)             ; 8 (8)                     ; 0           ; 0            ; 0       ; 0         ; 0    ; 0            ; |FunctionGenerator|Counter8Bit:counter                                                                                                 ; Counter8Bit         ; work         ;
;    |DAC:dac|                              ; 16 (16)             ; 8 (8)                     ; 0           ; 0            ; 0       ; 0         ; 0    ; 0            ; |FunctionGenerator|DAC:dac                                                                                                             ; DAC                 ; work         ;
;    |Mux:multiplexer|                      ; 1 (1)               ; 0 (0)                     ; 0           ; 0            ; 0       ; 0         ; 0    ; 0            ; |FunctionGenerator|Mux:multiplexer                                                                                                     ; Mux                 ; work         ;
;    |ROM:rom|                              ; 0 (0)               ; 0 (0)                     ; 2048        ; 0            ; 0       ; 0         ; 0    ; 0            ; |FunctionGenerator|ROM:rom                                                                                                             ; ROM                 ; work         ;
;       |altsyncram:altsyncram_component|   ; 0 (0)               ; 0 (0)                     ; 2048        ; 0            ; 0       ; 0         ; 0    ; 0            ; |FunctionGenerator|ROM:rom|altsyncram:altsyncram_component                                                                             ; altsyncram          ; work         ;
;          |altsyncram_0191:auto_generated| ; 0 (0)               ; 0 (0)                     ; 2048        ; 0            ; 0       ; 0         ; 0    ; 0            ; |FunctionGenerator|ROM:rom|altsyncram:altsyncram_component|altsyncram_0191:auto_generated                                              ; altsyncram_0191     ; work         ;
;    |Register8bit:register|                ; 8 (8)               ; 8 (8)                     ; 0           ; 0            ; 0       ; 0         ; 0    ; 0            ; |FunctionGenerator|Register8bit:register                                                                                               ; Register8bit        ; work         ;
;    |WaveformGen:funcgen|                  ; 99 (29)             ; 0 (0)                     ; 0           ; 0            ; 0       ; 0         ; 0    ; 0            ; |FunctionGenerator|WaveformGen:funcgen                                                                                                 ; WaveformGen         ; work         ;
;       |lpm_divide:Div0|                   ; 70 (0)              ; 0 (0)                     ; 0           ; 0            ; 0       ; 0         ; 0    ; 0            ; |FunctionGenerator|WaveformGen:funcgen|lpm_divide:Div0                                                                                 ; lpm_divide          ; work         ;
;          |lpm_divide_nhm:auto_generated|  ; 70 (0)              ; 0 (0)                     ; 0           ; 0            ; 0       ; 0         ; 0    ; 0            ; |FunctionGenerator|WaveformGen:funcgen|lpm_divide:Div0|lpm_divide_nhm:auto_generated                                                   ; lpm_divide_nhm      ; work         ;
;             |sign_div_unsign_fkh:divider| ; 70 (0)              ; 0 (0)                     ; 0           ; 0            ; 0       ; 0         ; 0    ; 0            ; |FunctionGenerator|WaveformGen:funcgen|lpm_divide:Div0|lpm_divide_nhm:auto_generated|sign_div_unsign_fkh:divider                       ; sign_div_unsign_fkh ; work         ;
;                |alt_u_div_i4f:divider|    ; 70 (70)             ; 0 (0)                     ; 0           ; 0            ; 0       ; 0         ; 0    ; 0            ; |FunctionGenerator|WaveformGen:funcgen|lpm_divide:Div0|lpm_divide_nhm:auto_generated|sign_div_unsign_fkh:divider|alt_u_div_i4f:divider ; alt_u_div_i4f       ; work         ;
+-------------------------------------------+---------------------+---------------------------+-------------+--------------+---------+-----------+------+--------------+----------------------------------------------------------------------------------------------------------------------------------------+---------------------+--------------+
Note: For table entries with two numbers listed, the numbers in parentheses indicate the number of resources of the given type used by the specific entity alone. The numbers listed outside of parentheses indicate the total resources of the given type used by the specific entity and all of its sub-entities in the hierarchy.


+-------------------------------------------------------------------------------------------------------------------------------------------------------------------------------+
; Analysis & Synthesis RAM Summary                                                                                                                                              ;
+-----------------------------------------------------------------------------------+------+------+--------------+--------------+--------------+--------------+------+----------+
; Name                                                                              ; Type ; Mode ; Port A Depth ; Port A Width ; Port B Depth ; Port B Width ; Size ; MIF      ;
+-----------------------------------------------------------------------------------+------+------+--------------+--------------+--------------+--------------+------+----------+
; ROM:rom|altsyncram:altsyncram_component|altsyncram_0191:auto_generated|ALTSYNCRAM ; AUTO ; ROM  ; 256          ; 8            ; --           ; --           ; 2048 ; File.mif ;
+-----------------------------------------------------------------------------------+------+------+--------------+--------------+--------------+--------------+------+----------+


+--------------------------------------------------------------------------------------------------------------+
; Analysis & Synthesis IP Cores Summary                                                                        ;
+--------+--------------+---------+--------------+--------------+----------------------------+-----------------+
; Vendor ; IP Core Name ; Version ; Release Date ; License Type ; Entity Instance            ; IP Include File ;
+--------+--------------+---------+--------------+--------------+----------------------------+-----------------+
; Altera ; ROM: 1-PORT  ; 20.1    ; N/A          ; N/A          ; |FunctionGenerator|ROM:rom ; ROM.v           ;
+--------+--------------+---------+--------------+--------------+----------------------------+-----------------+


+----------------------------------------------------------------------------------------------------------+
; User-Specified and Inferred Latches                                                                      ;
+----------------------------------------------------+----------------------------+------------------------+
; Latch Name                                         ; Latch Enable Signal        ; Free of Timing Hazards ;
+----------------------------------------------------+----------------------------+------------------------+
; WaveformGen:funcgen|out[7]                         ; WaveformGen:funcgen|out[7] ; yes                    ;
; WaveformGen:funcgen|out[6]                         ; WaveformGen:funcgen|out[7] ; yes                    ;
; WaveformGen:funcgen|out[5]                         ; WaveformGen:funcgen|out[7] ; yes                    ;
; WaveformGen:funcgen|out[4]                         ; WaveformGen:funcgen|out[7] ; yes                    ;
; WaveformGen:funcgen|out[3]                         ; WaveformGen:funcgen|out[7] ; yes                    ;
; WaveformGen:funcgen|out[2]                         ; WaveformGen:funcgen|out[7] ; yes                    ;
; WaveformGen:funcgen|out[1]                         ; WaveformGen:funcgen|out[7] ; yes                    ;
; WaveformGen:funcgen|out[0]                         ; WaveformGen:funcgen|out[7] ; yes                    ;
; Number of user-specified and inferred latches = 8  ;                            ;                        ;
+----------------------------------------------------+----------------------------+------------------------+
Note: All latches listed above may not be present at the end of synthesis due to various synthesis optimizations.


+----------------------------------------------------------------------------------+
; Registers Removed During Synthesis                                               ;
+---------------------------------------+------------------------------------------+
; Register name                         ; Reason for Removal                       ;
+---------------------------------------+------------------------------------------+
; WaveformGen:funcgen|counter[7]        ; Merged with Register8bit:register|out[7] ;
; WaveformGen:funcgen|counter[6]        ; Merged with Register8bit:register|out[6] ;
; WaveformGen:funcgen|counter[5]        ; Merged with Register8bit:register|out[5] ;
; WaveformGen:funcgen|counter[4]        ; Merged with Register8bit:register|out[4] ;
; WaveformGen:funcgen|counter[3]        ; Merged with Register8bit:register|out[3] ;
; WaveformGen:funcgen|counter[2]        ; Merged with Register8bit:register|out[2] ;
; WaveformGen:funcgen|counter[1]        ; Merged with Register8bit:register|out[1] ;
; WaveformGen:funcgen|counter[0]        ; Merged with Register8bit:register|out[0] ;
; Total Number of Removed Registers = 8 ;                                          ;
+---------------------------------------+------------------------------------------+


+------------------------------------------------------+
; General Register Statistics                          ;
+----------------------------------------------+-------+
; Statistic                                    ; Value ;
+----------------------------------------------+-------+
; Total registers                              ; 25    ;
; Number of registers using Synchronous Clear  ; 0     ;
; Number of registers using Synchronous Load   ; 0     ;
; Number of registers using Asynchronous Clear ; 24    ;
; Number of registers using Asynchronous Load  ; 0     ;
; Number of registers using Clock Enable       ; 0     ;
; Number of registers using Preset             ; 0     ;
+----------------------------------------------+-------+


+-------------------------------------------------------------------------------------------------------------------------------------------------------------+
; Multiplexer Restructuring Statistics (Restructuring Performed)                                                                                              ;
+--------------------+-----------+---------------+----------------------+------------------------+------------+-----------------------------------------------+
; Multiplexer Inputs ; Bus Width ; Baseline Area ; Area if Restructured ; Saving if Restructured ; Registered ; Example Multiplexer Output                    ;
+--------------------+-----------+---------------+----------------------+------------------------+------------+-----------------------------------------------+
; 5:1                ; 7 bits    ; 21 LEs        ; 14 LEs               ; 7 LEs                  ; No         ; |FunctionGenerator|WaveformGen:funcgen|out[4] ;
+--------------------+-----------+---------------+----------------------+------------------------+------------+-----------------------------------------------+


+-----------------------------------------------------------------------------------------------+
; Source assignments for ROM:rom|altsyncram:altsyncram_component|altsyncram_0191:auto_generated ;
+---------------------------------+--------------------+------+---------------------------------+
; Assignment                      ; Value              ; From ; To                              ;
+---------------------------------+--------------------+------+---------------------------------+
; OPTIMIZE_POWER_DURING_SYNTHESIS ; NORMAL_COMPILATION ; -    ; -                               ;
+---------------------------------+--------------------+------+---------------------------------+


+--------------------------------------------------------------------------------------+
; Parameter Settings for User Entity Instance: ROM:rom|altsyncram:altsyncram_component ;
+------------------------------------+----------------------+--------------------------+
; Parameter Name                     ; Value                ; Type                     ;
+------------------------------------+----------------------+--------------------------+
; BYTE_SIZE_BLOCK                    ; 8                    ; Untyped                  ;
; AUTO_CARRY_CHAINS                  ; ON                   ; AUTO_CARRY               ;
; IGNORE_CARRY_BUFFERS               ; OFF                  ; IGNORE_CARRY             ;
; AUTO_CASCADE_CHAINS                ; ON                   ; AUTO_CASCADE             ;
; IGNORE_CASCADE_BUFFERS             ; OFF                  ; IGNORE_CASCADE           ;
; WIDTH_BYTEENA                      ; 1                    ; Untyped                  ;
; OPERATION_MODE                     ; ROM                  ; Untyped                  ;
; WIDTH_A                            ; 8                    ; Signed Integer           ;
; WIDTHAD_A                          ; 8                    ; Signed Integer           ;
; NUMWORDS_A                         ; 256                  ; Signed Integer           ;
; OUTDATA_REG_A                      ; CLOCK0               ; Untyped                  ;
; ADDRESS_ACLR_A                     ; NONE                 ; Untyped                  ;
; OUTDATA_ACLR_A                     ; NONE                 ; Untyped                  ;
; WRCONTROL_ACLR_A                   ; NONE                 ; Untyped                  ;
; INDATA_ACLR_A                      ; NONE                 ; Untyped                  ;
; BYTEENA_ACLR_A                     ; NONE                 ; Untyped                  ;
; WIDTH_B                            ; 1                    ; Untyped                  ;
; WIDTHAD_B                          ; 1                    ; Untyped                  ;
; NUMWORDS_B                         ; 1                    ; Untyped                  ;
; INDATA_REG_B                       ; CLOCK1               ; Untyped                  ;
; WRCONTROL_WRADDRESS_REG_B          ; CLOCK1               ; Untyped                  ;
; RDCONTROL_REG_B                    ; CLOCK1               ; Untyped                  ;
; ADDRESS_REG_B                      ; CLOCK1               ; Untyped                  ;
; OUTDATA_REG_B                      ; UNREGISTERED         ; Untyped                  ;
; BYTEENA_REG_B                      ; CLOCK1               ; Untyped                  ;
; INDATA_ACLR_B                      ; NONE                 ; Untyped                  ;
; WRCONTROL_ACLR_B                   ; NONE                 ; Untyped                  ;
; ADDRESS_ACLR_B                     ; NONE                 ; Untyped                  ;
; OUTDATA_ACLR_B                     ; NONE                 ; Untyped                  ;
; RDCONTROL_ACLR_B                   ; NONE                 ; Untyped                  ;
; BYTEENA_ACLR_B                     ; NONE                 ; Untyped                  ;
; WIDTH_BYTEENA_A                    ; 1                    ; Signed Integer           ;
; WIDTH_BYTEENA_B                    ; 1                    ; Untyped                  ;
; RAM_BLOCK_TYPE                     ; AUTO                 ; Untyped                  ;
; BYTE_SIZE                          ; 8                    ; Untyped                  ;
; READ_DURING_WRITE_MODE_MIXED_PORTS ; DONT_CARE            ; Untyped                  ;
; READ_DURING_WRITE_MODE_PORT_A      ; NEW_DATA_NO_NBE_READ ; Untyped                  ;
; READ_DURING_WRITE_MODE_PORT_B      ; NEW_DATA_NO_NBE_READ ; Untyped                  ;
; INIT_FILE                          ; File.mif             ; Untyped                  ;
; INIT_FILE_LAYOUT                   ; PORT_A               ; Untyped                  ;
; MAXIMUM_DEPTH                      ; 0                    ; Untyped                  ;
; CLOCK_ENABLE_INPUT_A               ; BYPASS               ; Untyped                  ;
; CLOCK_ENABLE_INPUT_B               ; NORMAL               ; Untyped                  ;
; CLOCK_ENABLE_OUTPUT_A              ; BYPASS               ; Untyped                  ;
; CLOCK_ENABLE_OUTPUT_B              ; NORMAL               ; Untyped                  ;
; CLOCK_ENABLE_CORE_A                ; USE_INPUT_CLKEN      ; Untyped                  ;
; CLOCK_ENABLE_CORE_B                ; USE_INPUT_CLKEN      ; Untyped                  ;
; ENABLE_ECC                         ; FALSE                ; Untyped                  ;
; ECC_PIPELINE_STAGE_ENABLED         ; FALSE                ; Untyped                  ;
; WIDTH_ECCSTATUS                    ; 3                    ; Untyped                  ;
; DEVICE_FAMILY                      ; Cyclone IV E         ; Untyped                  ;
; CBXI_PARAMETER                     ; altsyncram_0191      ; Untyped                  ;
+------------------------------------+----------------------+--------------------------+
Note: In order to hide this table in the UI and the text report file, please set the "Show Parameter Settings in Synthesis Report" option in "Analysis and Synthesis Settings -> More Settings" to "Off".


+--------------------------------------------------------------------------------------+
; Parameter Settings for Inferred Entity Instance: WaveformGen:funcgen|lpm_divide:Div0 ;
+------------------------+----------------+--------------------------------------------+
; Parameter Name         ; Value          ; Type                                       ;
+------------------------+----------------+--------------------------------------------+
; LPM_WIDTHN             ; 8              ; Untyped                                    ;
; LPM_WIDTHD             ; 8              ; Untyped                                    ;
; LPM_NREPRESENTATION    ; UNSIGNED       ; Untyped                                    ;
; LPM_DREPRESENTATION    ; UNSIGNED       ; Untyped                                    ;
; LPM_PIPELINE           ; 0              ; Untyped                                    ;
; LPM_REMAINDERPOSITIVE  ; TRUE           ; Untyped                                    ;
; MAXIMIZE_SPEED         ; 5              ; Untyped                                    ;
; CBXI_PARAMETER         ; lpm_divide_nhm ; Untyped                                    ;
; CARRY_CHAIN            ; MANUAL         ; Untyped                                    ;
; OPTIMIZE_FOR_SPEED     ; 5              ; Untyped                                    ;
; AUTO_CARRY_CHAINS      ; ON             ; AUTO_CARRY                                 ;
; IGNORE_CARRY_BUFFERS   ; OFF            ; IGNORE_CARRY                               ;
; AUTO_CASCADE_CHAINS    ; ON             ; AUTO_CASCADE                               ;
; IGNORE_CASCADE_BUFFERS ; OFF            ; IGNORE_CASCADE                             ;
+------------------------+----------------+--------------------------------------------+
Note: In order to hide this table in the UI and the text report file, please set the "Show Parameter Settings in Synthesis Report" option in "Analysis and Synthesis Settings -> More Settings" to "Off".


+-------------------------------------------------------------------------------------+
; altsyncram Parameter Settings by Entity Instance                                    ;
+-------------------------------------------+-----------------------------------------+
; Name                                      ; Value                                   ;
+-------------------------------------------+-----------------------------------------+
; Number of entity instances                ; 1                                       ;
; Entity Instance                           ; ROM:rom|altsyncram:altsyncram_component ;
;     -- OPERATION_MODE                     ; ROM                                     ;
;     -- WIDTH_A                            ; 8                                       ;
;     -- NUMWORDS_A                         ; 256                                     ;
;     -- OUTDATA_REG_A                      ; CLOCK0                                  ;
;     -- WIDTH_B                            ; 1                                       ;
;     -- NUMWORDS_B                         ; 1                                       ;
;     -- ADDRESS_REG_B                      ; CLOCK1                                  ;
;     -- OUTDATA_REG_B                      ; UNREGISTERED                            ;
;     -- RAM_BLOCK_TYPE                     ; AUTO                                    ;
;     -- READ_DURING_WRITE_MODE_MIXED_PORTS ; DONT_CARE                               ;
+-------------------------------------------+-----------------------------------------+


+-----------------------------------------------------+
; Post-Synthesis Netlist Statistics for Top Partition ;
+-----------------------+-----------------------------+
; Type                  ; Count                       ;
+-----------------------+-----------------------------+
; boundary_port         ; 21                          ;
; cycloneiii_ff         ; 25                          ;
;     CLR               ; 24                          ;
;     plain             ; 1                           ;
; cycloneiii_lcell_comb ; 185                         ;
;     arith             ; 53                          ;
;         2 data inputs ; 17                          ;
;         3 data inputs ; 36                          ;
;     normal            ; 132                         ;
;         0 data inputs ; 6                           ;
;         1 data inputs ; 7                           ;
;         2 data inputs ; 11                          ;
;         3 data inputs ; 31                          ;
;         4 data inputs ; 77                          ;
; cycloneiii_ram_block  ; 8                           ;
;                       ;                             ;
; Max LUT depth         ; 18.70                       ;
; Average LUT depth     ; 9.53                        ;
+-----------------------+-----------------------------+


+-------------------------------+
; Elapsed Time Per Partition    ;
+----------------+--------------+
; Partition Name ; Elapsed Time ;
+----------------+--------------+
; Top            ; 00:00:13     ;
+----------------+--------------+


+-------------------------------+
; Analysis & Synthesis Messages ;
+-------------------------------+
Info: *******************************************************************
Info: Running Quartus Prime Analysis & Synthesis
    Info: Version 20.1.0 Build 711 06/05/2020 SJ Lite Edition
    Info: Processing started: Sat May 28 13:10:41 2022
Info: Command: quartus_map --read_settings_files=on --write_settings_files=off FunctionGenerator -c FunctionGenerator
Warning (18236): Number of processors has not been specified which may cause overloading on shared machines.  Set the global assignment NUM_PARALLEL_PROCESSORS in your QSF to an appropriate value for best performance.
Info (20030): Parallel compilation is enabled and will use 2 of the 2 processors detected
Info (12021): Found 1 design units, including 1 entities, in source file /ava/term4/flat/dld/model/dac.v
    Info (12023): Found entity 1: DAC File: D:/ava/term4/FLAT/DLD/model/DAC.v Line: 1
Info (12021): Found 1 design units, including 1 entities, in source file /ava/term4/flat/dld/model/amplitudeselector.v
    Info (12023): Found entity 1: AmplitudeSelector File: D:/ava/term4/FLAT/DLD/model/AmplitudeSelector.v Line: 1
Warning (12090): Entity "Mux" obtained from "../model/Mux.v" instead of from Quartus Prime megafunction library File: D:/ava/term4/FLAT/DLD/model/Mux.v Line: 1
Info (12021): Found 1 design units, including 1 entities, in source file /ava/term4/flat/dld/model/mux.v
    Info (12023): Found entity 1: Mux File: D:/ava/term4/FLAT/DLD/model/Mux.v Line: 1
Info (12021): Found 1 design units, including 1 entities, in source file /ava/term4/flat/dld/model/register.v
    Info (12023): Found entity 1: Register8bit File: D:/ava/term4/FLAT/DLD/model/Register.v Line: 1
Warning (10229): Verilog HDL Expression warning at Counter8bit.v(5): truncated literal to match 8 bits File: D:/ava/term4/FLAT/DLD/model/Counter8bit.v Line: 5
Warning (10229): Verilog HDL Expression warning at Counter8bit.v(7): truncated literal to match 8 bits File: D:/ava/term4/FLAT/DLD/model/Counter8bit.v Line: 7
Info (12021): Found 1 design units, including 1 entities, in source file /ava/term4/flat/dld/model/counter8bit.v
    Info (12023): Found entity 1: Counter8Bit File: D:/ava/term4/FLAT/DLD/model/Counter8bit.v Line: 1
Info (12021): Found 1 design units, including 1 entities, in source file /ava/term4/flat/dld/model/adder.v
    Info (12023): Found entity 1: Adder File: D:/ava/term4/FLAT/DLD/model/Adder.v Line: 1
Info (12021): Found 1 design units, including 1 entities, in source file /ava/term4/flat/dld/model/waveformgen.v
    Info (12023): Found entity 1: WaveformGen File: D:/ava/term4/FLAT/DLD/model/WaveformGen.v Line: 1
Info (12021): Found 1 design units, including 1 entities, in source file functiongenerator.bdf
    Info (12023): Found entity 1: FunctionGenerator
Info (12021): Found 1 design units, including 1 entities, in source file rom.v
    Info (12023): Found entity 1: ROM File: D:/ava/term4/FLAT/DLD/quart/ROM.v Line: 40
Info (12127): Elaborating entity "FunctionGenerator" for the top level hierarchy
Info (12128): Elaborating entity "DAC" for hierarchy "DAC:dac"
Info (12128): Elaborating entity "AmplitudeSelector" for hierarchy "AmplitudeSelector:as"
Info (12128): Elaborating entity "Mux" for hierarchy "Mux:multiplexer"
Info (12128): Elaborating entity "WaveformGen" for hierarchy "WaveformGen:funcgen"
Warning (10240): Verilog HDL Always Construct warning at WaveformGen.v(10): inferring latch(es) for variable "out", which holds its previous value in one or more paths through the always construct File: D:/ava/term4/FLAT/DLD/model/WaveformGen.v Line: 10
Info (10041): Inferred latch for "out[0]" at WaveformGen.v(10) File: D:/ava/term4/FLAT/DLD/model/WaveformGen.v Line: 10
Info (10041): Inferred latch for "out[1]" at WaveformGen.v(10) File: D:/ava/term4/FLAT/DLD/model/WaveformGen.v Line: 10
Info (10041): Inferred latch for "out[2]" at WaveformGen.v(10) File: D:/ava/term4/FLAT/DLD/model/WaveformGen.v Line: 10
Info (10041): Inferred latch for "out[3]" at WaveformGen.v(10) File: D:/ava/term4/FLAT/DLD/model/WaveformGen.v Line: 10
Info (10041): Inferred latch for "out[4]" at WaveformGen.v(10) File: D:/ava/term4/FLAT/DLD/model/WaveformGen.v Line: 10
Info (10041): Inferred latch for "out[5]" at WaveformGen.v(10) File: D:/ava/term4/FLAT/DLD/model/WaveformGen.v Line: 10
Info (10041): Inferred latch for "out[6]" at WaveformGen.v(10) File: D:/ava/term4/FLAT/DLD/model/WaveformGen.v Line: 10
Info (10041): Inferred latch for "out[7]" at WaveformGen.v(10) File: D:/ava/term4/FLAT/DLD/model/WaveformGen.v Line: 10
Info (12128): Elaborating entity "7476" for hierarchy "7476:flipglop"
Info (12130): Elaborated megafunction instantiation "7476:flipglop"
Info (12128): Elaborating entity "Counter8Bit" for hierarchy "Counter8Bit:counter"
Info (12128): Elaborating entity "ROM" for hierarchy "ROM:rom"
Info (12128): Elaborating entity "altsyncram" for hierarchy "ROM:rom|altsyncram:altsyncram_component" File: D:/ava/term4/FLAT/DLD/quart/ROM.v Line: 82
Info (12130): Elaborated megafunction instantiation "ROM:rom|altsyncram:altsyncram_component" File: D:/ava/term4/FLAT/DLD/quart/ROM.v Line: 82
Info (12133): Instantiated megafunction "ROM:rom|altsyncram:altsyncram_component" with the following parameter: File: D:/ava/term4/FLAT/DLD/quart/ROM.v Line: 82
    Info (12134): Parameter "address_aclr_a" = "NONE"
    Info (12134): Parameter "clock_enable_input_a" = "BYPASS"
    Info (12134): Parameter "clock_enable_output_a" = "BYPASS"
    Info (12134): Parameter "init_file" = "File.mif"
    Info (12134): Parameter "intended_device_family" = "Cyclone IV E"
    Info (12134): Parameter "lpm_hint" = "ENABLE_RUNTIME_MOD=NO"
    Info (12134): Parameter "lpm_type" = "altsyncram"
    Info (12134): Parameter "numwords_a" = "256"
    Info (12134): Parameter "operation_mode" = "ROM"
    Info (12134): Parameter "outdata_aclr_a" = "NONE"
    Info (12134): Parameter "outdata_reg_a" = "CLOCK0"
    Info (12134): Parameter "widthad_a" = "8"
    Info (12134): Parameter "width_a" = "8"
    Info (12134): Parameter "width_byteena_a" = "1"
Info (12021): Found 1 design units, including 1 entities, in source file db/altsyncram_0191.tdf
    Info (12023): Found entity 1: altsyncram_0191 File: D:/ava/term4/FLAT/DLD/quart/db/altsyncram_0191.tdf Line: 28
Info (12128): Elaborating entity "altsyncram_0191" for hierarchy "ROM:rom|altsyncram:altsyncram_component|altsyncram_0191:auto_generated" File: c:/intelfpga_lite/20.1/quartus/libraries/megafunctions/altsyncram.tdf Line: 792
Info (12128): Elaborating entity "Register8bit" for hierarchy "Register8bit:register"
Info (12128): Elaborating entity "Adder" for hierarchy "Adder:adder"
Info (278001): Inferred 1 megafunctions from design logic
    Info (278004): Inferred divider/modulo megafunction ("lpm_divide") from the following logic: "WaveformGen:funcgen|Div0" File: D:/ava/term4/FLAT/DLD/model/WaveformGen.v Line: 25
Info (12130): Elaborated megafunction instantiation "WaveformGen:funcgen|lpm_divide:Div0" File: D:/ava/term4/FLAT/DLD/model/WaveformGen.v Line: 25
Info (12133): Instantiated megafunction "WaveformGen:funcgen|lpm_divide:Div0" with the following parameter: File: D:/ava/term4/FLAT/DLD/model/WaveformGen.v Line: 25
    Info (12134): Parameter "LPM_WIDTHN" = "8"
    Info (12134): Parameter "LPM_WIDTHD" = "8"
    Info (12134): Parameter "LPM_NREPRESENTATION" = "UNSIGNED"
    Info (12134): Parameter "LPM_DREPRESENTATION" = "UNSIGNED"
Info (12021): Found 1 design units, including 1 entities, in source file db/lpm_divide_nhm.tdf
    Info (12023): Found entity 1: lpm_divide_nhm File: D:/ava/term4/FLAT/DLD/quart/db/lpm_divide_nhm.tdf Line: 25
Info (12021): Found 1 design units, including 1 entities, in source file db/sign_div_unsign_fkh.tdf
    Info (12023): Found entity 1: sign_div_unsign_fkh File: D:/ava/term4/FLAT/DLD/quart/db/sign_div_unsign_fkh.tdf Line: 25
Info (12021): Found 1 design units, including 1 entities, in source file db/alt_u_div_i4f.tdf
    Info (12023): Found entity 1: alt_u_div_i4f File: D:/ava/term4/FLAT/DLD/quart/db/alt_u_div_i4f.tdf Line: 27
Info (12021): Found 1 design units, including 1 entities, in source file db/add_sub_7pc.tdf
    Info (12023): Found entity 1: add_sub_7pc File: D:/ava/term4/FLAT/DLD/quart/db/add_sub_7pc.tdf Line: 23
Info (12021): Found 1 design units, including 1 entities, in source file db/add_sub_8pc.tdf
    Info (12023): Found entity 1: add_sub_8pc File: D:/ava/term4/FLAT/DLD/quart/db/add_sub_8pc.tdf Line: 23
Warning (13012): Latch WaveformGen:funcgen|out[7] has unsafe behavior File: D:/ava/term4/FLAT/DLD/model/WaveformGen.v Line: 10
    Warning (13013): Ports D and ENA on the latch are fed by the same signal sel[1]
Warning (13012): Latch WaveformGen:funcgen|out[6] has unsafe behavior File: D:/ava/term4/FLAT/DLD/model/WaveformGen.v Line: 10
    Warning (13013): Ports D and ENA on the latch are fed by the same signal sel[0]
Warning (13012): Latch WaveformGen:funcgen|out[5] has unsafe behavior File: D:/ava/term4/FLAT/DLD/model/WaveformGen.v Line: 10
    Warning (13013): Ports D and ENA on the latch are fed by the same signal sel[0]
Warning (13012): Latch WaveformGen:funcgen|out[4] has unsafe behavior File: D:/ava/term4/FLAT/DLD/model/WaveformGen.v Line: 10
    Warning (13013): Ports D and ENA on the latch are fed by the same signal sel[0]
Warning (13012): Latch WaveformGen:funcgen|out[3] has unsafe behavior File: D:/ava/term4/FLAT/DLD/model/WaveformGen.v Line: 10
    Warning (13013): Ports D and ENA on the latch are fed by the same signal sel[0]
Warning (13012): Latch WaveformGen:funcgen|out[2] has unsafe behavior File: D:/ava/term4/FLAT/DLD/model/WaveformGen.v Line: 10
    Warning (13013): Ports D and ENA on the latch are fed by the same signal sel[0]
Warning (13012): Latch WaveformGen:funcgen|out[1] has unsafe behavior File: D:/ava/term4/FLAT/DLD/model/WaveformGen.v Line: 10
    Warning (13013): Ports D and ENA on the latch are fed by the same signal sel[0]
Warning (13012): Latch WaveformGen:funcgen|out[0] has unsafe behavior File: D:/ava/term4/FLAT/DLD/model/WaveformGen.v Line: 10
    Warning (13013): Ports D and ENA on the latch are fed by the same signal sel[0]
Warning (13004): Presettable and clearable registers converted to equivalent circuits with latches. Registers power-up to an undefined state, and DEVCLRn places the registers in an undefined state.
    Warning (13310): Register "Counter8Bit:counter|out[7]" is converted into an equivalent circuit using register "Counter8Bit:counter|out[7]~_emulated" and latch "Counter8Bit:counter|out[7]~1" File: D:/ava/term4/FLAT/DLD/model/Counter8bit.v Line: 6
    Warning (13310): Register "Counter8Bit:counter|out[6]" is converted into an equivalent circuit using register "Counter8Bit:counter|out[6]~_emulated" and latch "Counter8Bit:counter|out[6]~5" File: D:/ava/term4/FLAT/DLD/model/Counter8bit.v Line: 6
    Warning (13310): Register "Counter8Bit:counter|out[5]" is converted into an equivalent circuit using register "Counter8Bit:counter|out[5]~_emulated" and latch "Counter8Bit:counter|out[5]~9" File: D:/ava/term4/FLAT/DLD/model/Counter8bit.v Line: 6
    Warning (13310): Register "Counter8Bit:counter|out[4]" is converted into an equivalent circuit using register "Counter8Bit:counter|out[4]~_emulated" and latch "Counter8Bit:counter|out[4]~13" File: D:/ava/term4/FLAT/DLD/model/Counter8bit.v Line: 6
    Warning (13310): Register "Counter8Bit:counter|out[3]" is converted into an equivalent circuit using register "Counter8Bit:counter|out[3]~_emulated" and latch "Counter8Bit:counter|out[3]~17" File: D:/ava/term4/FLAT/DLD/model/Counter8bit.v Line: 6
    Warning (13310): Register "Counter8Bit:counter|out[2]" is converted into an equivalent circuit using register "Counter8Bit:counter|out[2]~_emulated" and latch "Counter8Bit:counter|out[2]~21" File: D:/ava/term4/FLAT/DLD/model/Counter8bit.v Line: 6
Info (286030): Timing-Driven Synthesis is running
Info (16010): Generating hard_block partition "hard_block:auto_generated_inst"
    Info (16011): Adding 0 node(s), including 0 DDIO, 0 PLL, 0 transceiver and 0 LCELL
Info (21057): Implemented 213 device resources after synthesis - the final resource count might be different
    Info (21058): Implemented 12 input pins
    Info (21059): Implemented 9 output pins
    Info (21061): Implemented 184 logic cells
    Info (21064): Implemented 8 RAM segments
Info: Quartus Prime Analysis & Synthesis was successful. 0 errors, 28 warnings
    Info: Peak virtual memory: 4767 megabytes
    Info: Processing ended: Sat May 28 13:12:15 2022
    Info: Elapsed time: 00:01:34
    Info: Total CPU time (on all processors): 00:00:55


