Analysis & Synthesis report for Accelerator
Sat Jun 18 20:18:53 2022
Quartus Prime Version 20.1.0 Build 711 06/05/2020 SJ Lite Edition


---------------------
; Table of Contents ;
---------------------
  1. Legal Notice
  2. Analysis & Synthesis Summary
  3. Analysis & Synthesis Settings
  4. Parallel Compilation
  5. Analysis & Synthesis Source Files Read
  6. Analysis & Synthesis Resource Usage Summary
  7. Analysis & Synthesis Resource Utilization by Entity
  8. Analysis & Synthesis RAM Summary
  9. Analysis & Synthesis DSP Block Usage Summary
 10. Analysis & Synthesis IP Cores Summary
 11. State Machine - |Accelerator|exponential:exp|controller:control|ps
 12. State Machine - |Accelerator|ControllerAcc:cntrl|ps
 13. User-Specified and Inferred Latches
 14. Registers Removed During Synthesis
 15. General Register Statistics
 16. Multiplexer Restructuring Statistics (Restructuring Performed)
 17. Source assignments for Rom:rom|altsyncram:altsyncram_component|altsyncram_ql91:auto_generated
 18. Source assignments for FIFO:fifo|scfifo:scfifo_component|scfifo_pj21:auto_generated|a_dpfifo_0q21:dpfifo|altsyncram_ahm1:FIFOram
 19. Parameter Settings for User Entity Instance: ControllerAcc:cntrl
 20. Parameter Settings for User Entity Instance: exponential:exp|controller:control
 21. Parameter Settings for User Entity Instance: Rom:rom|altsyncram:altsyncram_component
 22. Parameter Settings for User Entity Instance: FIFO:fifo|scfifo:scfifo_component
 23. Parameter Settings for Inferred Entity Instance: exponential:exp|datapath:dP|multiplier:mult|lpm_mult:Mult0
 24. altsyncram Parameter Settings by Entity Instance
 25. scfifo Parameter Settings by Entity Instance
 26. lpm_mult Parameter Settings by Entity Instance
 27. Port Connectivity Checks: "exponential:exp|datapath:dP|adder:add"
 28. Port Connectivity Checks: "exponential:exp|datapath:dP|counter:count"
 29. Post-Synthesis Netlist Statistics for Top Partition
 30. Elapsed Time Per Partition
 31. Analysis & Synthesis Messages



----------------
; Legal Notice ;
----------------
Copyright (C) 2020  Intel Corporation. All rights reserved.
Your use of Intel Corporation's design tools, logic functions 
and other software and tools, and any partner logic 
functions, and any output files from any of the foregoing 
(including device programming or simulation files), and any 
associated documentation or information are expressly subject 
to the terms and conditions of the Intel Program License 
Subscription Agreement, the Intel Quartus Prime License Agreement,
the Intel FPGA IP License Agreement, or other applicable license
agreement, including, without limitation, that your use is for
the sole purpose of programming logic devices manufactured by
Intel and sold by Intel or its authorized distributors.  Please
refer to the applicable agreement for further details, at
https://fpgasoftware.intel.com/eula.



+----------------------------------------------------------------------------------+
; Analysis & Synthesis Summary                                                     ;
+------------------------------------+---------------------------------------------+
; Analysis & Synthesis Status        ; Successful - Sat Jun 18 20:18:53 2022       ;
; Quartus Prime Version              ; 20.1.0 Build 711 06/05/2020 SJ Lite Edition ;
; Revision Name                      ; Accelerator                                 ;
; Top-level Entity Name              ; Accelerator                                 ;
; Family                             ; Cyclone IV E                                ;
; Total logic elements               ; 137                                         ;
;     Total combinational functions  ; 133                                         ;
;     Dedicated logic registers      ; 83                                          ;
; Total registers                    ; 83                                          ;
; Total pins                         ; 23                                          ;
; Total virtual pins                 ; 0                                           ;
; Total memory bits                  ; 272                                         ;
; Embedded Multiplier 9-bit elements ; 2                                           ;
; Total PLLs                         ; 0                                           ;
+------------------------------------+---------------------------------------------+


+------------------------------------------------------------------------------------------------------------+
; Analysis & Synthesis Settings                                                                              ;
+------------------------------------------------------------------+--------------------+--------------------+
; Option                                                           ; Setting            ; Default Value      ;
+------------------------------------------------------------------+--------------------+--------------------+
; Top-level entity name                                            ; Accelerator        ; Accelerator        ;
; Family name                                                      ; Cyclone IV E       ; Cyclone V          ;
; Use smart compilation                                            ; Off                ; Off                ;
; Enable parallel Assembler and Timing Analyzer during compilation ; On                 ; On                 ;
; Enable compact report table                                      ; Off                ; Off                ;
; Restructure Multiplexers                                         ; Auto               ; Auto               ;
; Create Debugging Nodes for IP Cores                              ; Off                ; Off                ;
; Preserve fewer node names                                        ; On                 ; On                 ;
; Intel FPGA IP Evaluation Mode                                    ; Enable             ; Enable             ;
; Verilog Version                                                  ; Verilog_2001       ; Verilog_2001       ;
; VHDL Version                                                     ; VHDL_1993          ; VHDL_1993          ;
; State Machine Processing                                         ; Auto               ; Auto               ;
; Safe State Machine                                               ; Off                ; Off                ;
; Extract Verilog State Machines                                   ; On                 ; On                 ;
; Extract VHDL State Machines                                      ; On                 ; On                 ;
; Ignore Verilog initial constructs                                ; Off                ; Off                ;
; Iteration limit for constant Verilog loops                       ; 5000               ; 5000               ;
; Iteration limit for non-constant Verilog loops                   ; 250                ; 250                ;
; Add Pass-Through Logic to Inferred RAMs                          ; On                 ; On                 ;
; Infer RAMs from Raw Logic                                        ; On                 ; On                 ;
; Parallel Synthesis                                               ; On                 ; On                 ;
; DSP Block Balancing                                              ; Auto               ; Auto               ;
; NOT Gate Push-Back                                               ; On                 ; On                 ;
; Power-Up Don't Care                                              ; On                 ; On                 ;
; Remove Redundant Logic Cells                                     ; Off                ; Off                ;
; Remove Duplicate Registers                                       ; On                 ; On                 ;
; Ignore CARRY Buffers                                             ; Off                ; Off                ;
; Ignore CASCADE Buffers                                           ; Off                ; Off                ;
; Ignore GLOBAL Buffers                                            ; Off                ; Off                ;
; Ignore ROW GLOBAL Buffers                                        ; Off                ; Off                ;
; Ignore LCELL Buffers                                             ; Off                ; Off                ;
; Ignore SOFT Buffers                                              ; On                 ; On                 ;
; Limit AHDL Integers to 32 Bits                                   ; Off                ; Off                ;
; Optimization Technique                                           ; Balanced           ; Balanced           ;
; Carry Chain Length                                               ; 70                 ; 70                 ;
; Auto Carry Chains                                                ; On                 ; On                 ;
; Auto Open-Drain Pins                                             ; On                 ; On                 ;
; Perform WYSIWYG Primitive Resynthesis                            ; Off                ; Off                ;
; Auto ROM Replacement                                             ; On                 ; On                 ;
; Auto RAM Replacement                                             ; On                 ; On                 ;
; Auto DSP Block Replacement                                       ; On                 ; On                 ;
; Auto Shift Register Replacement                                  ; Auto               ; Auto               ;
; Allow Shift Register Merging across Hierarchies                  ; Auto               ; Auto               ;
; Auto Clock Enable Replacement                                    ; On                 ; On                 ;
; Strict RAM Replacement                                           ; Off                ; Off                ;
; Allow Synchronous Control Signals                                ; On                 ; On                 ;
; Force Use of Synchronous Clear Signals                           ; Off                ; Off                ;
; Auto RAM Block Balancing                                         ; On                 ; On                 ;
; Auto RAM to Logic Cell Conversion                                ; Off                ; Off                ;
; Auto Resource Sharing                                            ; Off                ; Off                ;
; Allow Any RAM Size For Recognition                               ; Off                ; Off                ;
; Allow Any ROM Size For Recognition                               ; Off                ; Off                ;
; Allow Any Shift Register Size For Recognition                    ; Off                ; Off                ;
; Use LogicLock Constraints during Resource Balancing              ; On                 ; On                 ;
; Ignore translate_off and synthesis_off directives                ; Off                ; Off                ;
; Timing-Driven Synthesis                                          ; On                 ; On                 ;
; Report Parameter Settings                                        ; On                 ; On                 ;
; Report Source Assignments                                        ; On                 ; On                 ;
; Report Connectivity Checks                                       ; On                 ; On                 ;
; Ignore Maximum Fan-Out Assignments                               ; Off                ; Off                ;
; Synchronization Register Chain Length                            ; 2                  ; 2                  ;
; Power Optimization During Synthesis                              ; Normal compilation ; Normal compilation ;
; HDL message level                                                ; Level2             ; Level2             ;
; Suppress Register Optimization Related Messages                  ; Off                ; Off                ;
; Number of Removed Registers Reported in Synthesis Report         ; 5000               ; 5000               ;
; Number of Swept Nodes Reported in Synthesis Report               ; 5000               ; 5000               ;
; Number of Inverted Registers Reported in Synthesis Report        ; 100                ; 100                ;
; Clock MUX Protection                                             ; On                 ; On                 ;
; Auto Gated Clock Conversion                                      ; Off                ; Off                ;
; Block Design Naming                                              ; Auto               ; Auto               ;
; SDC constraint protection                                        ; Off                ; Off                ;
; Synthesis Effort                                                 ; Auto               ; Auto               ;
; Shift Register Replacement - Allow Asynchronous Clear Signal     ; On                 ; On                 ;
; Pre-Mapping Resynthesis Optimization                             ; Off                ; Off                ;
; Analysis & Synthesis Message Level                               ; Medium             ; Medium             ;
; Disable Register Merging Across Hierarchies                      ; Auto               ; Auto               ;
; Resource Aware Inference For Block RAM                           ; On                 ; On                 ;
+------------------------------------------------------------------+--------------------+--------------------+


+------------------------------------------+
; Parallel Compilation                     ;
+----------------------------+-------------+
; Processors                 ; Number      ;
+----------------------------+-------------+
; Number detected on machine ; 8           ;
; Maximum allowed            ; 4           ;
;                            ;             ;
; Average used               ; 1.00        ;
; Maximum used               ; 4           ;
;                            ;             ;
; Usage by Processor         ; % Time Used ;
;     Processor 1            ; 100.0%      ;
;     Processors 2-4         ;   0.0%      ;
+----------------------------+-------------+


+---------------------------------------------------------------------------------------------------------------------------------------------------------------------------------------+
; Analysis & Synthesis Source Files Read                                                                                                                                                ;
+-----------------------------------+-----------------+----------------------------------------+------------------------------------------------------------------------------+---------+
; File Name with User-Entered Path  ; Used in Netlist ; File Type                              ; File Name with Absolute Path                                                 ; Library ;
+-----------------------------------+-----------------+----------------------------------------+------------------------------------------------------------------------------+---------+
; ControllerAcc.v                   ; yes             ; User Verilog HDL File                  ; C:/Users/MY-IDEA/Desktop/DLD_LAB4/ControllerAcc.v                            ;         ;
; exp codes/exp codes/register18.v  ; yes             ; User Verilog HDL File                  ; C:/Users/MY-IDEA/Desktop/DLD_LAB4/exp codes/exp codes/register18.v           ;         ;
; exp codes/exp codes/register.v    ; yes             ; User Verilog HDL File                  ; C:/Users/MY-IDEA/Desktop/DLD_LAB4/exp codes/exp codes/register.v             ;         ;
; exp codes/exp codes/mux2to1.v     ; yes             ; User Verilog HDL File                  ; C:/Users/MY-IDEA/Desktop/DLD_LAB4/exp codes/exp codes/mux2to1.v              ;         ;
; exp codes/exp codes/multiplier.v  ; yes             ; User Verilog HDL File                  ; C:/Users/MY-IDEA/Desktop/DLD_LAB4/exp codes/exp codes/multiplier.v           ;         ;
; exp codes/exp codes/LUTExp.v      ; yes             ; User Verilog HDL File                  ; C:/Users/MY-IDEA/Desktop/DLD_LAB4/exp codes/exp codes/LUTExp.v               ;         ;
; exp codes/exp codes/exponential.v ; yes             ; User Verilog HDL File                  ; C:/Users/MY-IDEA/Desktop/DLD_LAB4/exp codes/exp codes/exponential.v          ;         ;
; exp codes/exp codes/Datapath.v    ; yes             ; User Verilog HDL File                  ; C:/Users/MY-IDEA/Desktop/DLD_LAB4/exp codes/exp codes/Datapath.v             ;         ;
; exp codes/exp codes/Counter.v     ; yes             ; User Verilog HDL File                  ; C:/Users/MY-IDEA/Desktop/DLD_LAB4/exp codes/exp codes/Counter.v              ;         ;
; exp codes/exp codes/Controller.v  ; yes             ; User Verilog HDL File                  ; C:/Users/MY-IDEA/Desktop/DLD_LAB4/exp codes/exp codes/Controller.v           ;         ;
; exp codes/exp codes/adder.v       ; yes             ; User Verilog HDL File                  ; C:/Users/MY-IDEA/Desktop/DLD_LAB4/exp codes/exp codes/adder.v                ;         ;
; Rom.v                             ; yes             ; User Wizard-Generated File             ; C:/Users/MY-IDEA/Desktop/DLD_LAB4/Rom.v                                      ;         ;
; FIFO.v                            ; yes             ; User Wizard-Generated File             ; C:/Users/MY-IDEA/Desktop/DLD_LAB4/FIFO.v                                     ;         ;
; Accelerator.bdf                   ; yes             ; User Block Diagram/Schematic File      ; C:/Users/MY-IDEA/Desktop/DLD_LAB4/Accelerator.bdf                            ;         ;
; altsyncram.tdf                    ; yes             ; Megafunction                           ; c:/intelfpga_lite/20.1/quartus/libraries/megafunctions/altsyncram.tdf        ;         ;
; stratix_ram_block.inc             ; yes             ; Megafunction                           ; c:/intelfpga_lite/20.1/quartus/libraries/megafunctions/stratix_ram_block.inc ;         ;
; lpm_mux.inc                       ; yes             ; Megafunction                           ; c:/intelfpga_lite/20.1/quartus/libraries/megafunctions/lpm_mux.inc           ;         ;
; lpm_decode.inc                    ; yes             ; Megafunction                           ; c:/intelfpga_lite/20.1/quartus/libraries/megafunctions/lpm_decode.inc        ;         ;
; aglobal201.inc                    ; yes             ; Megafunction                           ; c:/intelfpga_lite/20.1/quartus/libraries/megafunctions/aglobal201.inc        ;         ;
; a_rdenreg.inc                     ; yes             ; Megafunction                           ; c:/intelfpga_lite/20.1/quartus/libraries/megafunctions/a_rdenreg.inc         ;         ;
; altrom.inc                        ; yes             ; Megafunction                           ; c:/intelfpga_lite/20.1/quartus/libraries/megafunctions/altrom.inc            ;         ;
; altram.inc                        ; yes             ; Megafunction                           ; c:/intelfpga_lite/20.1/quartus/libraries/megafunctions/altram.inc            ;         ;
; altdpram.inc                      ; yes             ; Megafunction                           ; c:/intelfpga_lite/20.1/quartus/libraries/megafunctions/altdpram.inc          ;         ;
; db/altsyncram_ql91.tdf            ; yes             ; Auto-Generated Megafunction            ; C:/Users/MY-IDEA/Desktop/DLD_LAB4/db/altsyncram_ql91.tdf                     ;         ;
; file.mif                          ; yes             ; Auto-Found Memory Initialization File  ; C:/Users/MY-IDEA/Desktop/DLD_LAB4/file.mif                                   ;         ;
; scfifo.tdf                        ; yes             ; Megafunction                           ; c:/intelfpga_lite/20.1/quartus/libraries/megafunctions/scfifo.tdf            ;         ;
; a_regfifo.inc                     ; yes             ; Megafunction                           ; c:/intelfpga_lite/20.1/quartus/libraries/megafunctions/a_regfifo.inc         ;         ;
; a_dpfifo.inc                      ; yes             ; Megafunction                           ; c:/intelfpga_lite/20.1/quartus/libraries/megafunctions/a_dpfifo.inc          ;         ;
; a_i2fifo.inc                      ; yes             ; Megafunction                           ; c:/intelfpga_lite/20.1/quartus/libraries/megafunctions/a_i2fifo.inc          ;         ;
; a_fffifo.inc                      ; yes             ; Megafunction                           ; c:/intelfpga_lite/20.1/quartus/libraries/megafunctions/a_fffifo.inc          ;         ;
; a_f2fifo.inc                      ; yes             ; Megafunction                           ; c:/intelfpga_lite/20.1/quartus/libraries/megafunctions/a_f2fifo.inc          ;         ;
; db/scfifo_pj21.tdf                ; yes             ; Auto-Generated Megafunction            ; C:/Users/MY-IDEA/Desktop/DLD_LAB4/db/scfifo_pj21.tdf                         ;         ;
; db/a_dpfifo_0q21.tdf              ; yes             ; Auto-Generated Megafunction            ; C:/Users/MY-IDEA/Desktop/DLD_LAB4/db/a_dpfifo_0q21.tdf                       ;         ;
; db/a_fefifo_n4e.tdf               ; yes             ; Auto-Generated Megafunction            ; C:/Users/MY-IDEA/Desktop/DLD_LAB4/db/a_fefifo_n4e.tdf                        ;         ;
; db/cntr_ao7.tdf                   ; yes             ; Auto-Generated Megafunction            ; C:/Users/MY-IDEA/Desktop/DLD_LAB4/db/cntr_ao7.tdf                            ;         ;
; db/altsyncram_ahm1.tdf            ; yes             ; Auto-Generated Megafunction            ; C:/Users/MY-IDEA/Desktop/DLD_LAB4/db/altsyncram_ahm1.tdf                     ;         ;
; db/cntr_unb.tdf                   ; yes             ; Auto-Generated Megafunction            ; C:/Users/MY-IDEA/Desktop/DLD_LAB4/db/cntr_unb.tdf                            ;         ;
; lpm_mult.tdf                      ; yes             ; Megafunction                           ; c:/intelfpga_lite/20.1/quartus/libraries/megafunctions/lpm_mult.tdf          ;         ;
; lpm_add_sub.inc                   ; yes             ; Megafunction                           ; c:/intelfpga_lite/20.1/quartus/libraries/megafunctions/lpm_add_sub.inc       ;         ;
; multcore.inc                      ; yes             ; Megafunction                           ; c:/intelfpga_lite/20.1/quartus/libraries/megafunctions/multcore.inc          ;         ;
; bypassff.inc                      ; yes             ; Megafunction                           ; c:/intelfpga_lite/20.1/quartus/libraries/megafunctions/bypassff.inc          ;         ;
; altshift.inc                      ; yes             ; Megafunction                           ; c:/intelfpga_lite/20.1/quartus/libraries/megafunctions/altshift.inc          ;         ;
; db/mult_7dt.tdf                   ; yes             ; Auto-Generated Megafunction            ; C:/Users/MY-IDEA/Desktop/DLD_LAB4/db/mult_7dt.tdf                            ;         ;
+-----------------------------------+-----------------+----------------------------------------+------------------------------------------------------------------------------+---------+


+---------------------------------------------------------+
; Analysis & Synthesis Resource Usage Summary             ;
+---------------------------------------------+-----------+
; Resource                                    ; Usage     ;
+---------------------------------------------+-----------+
; Estimated Total logic elements              ; 137       ;
;                                             ;           ;
; Total combinational functions               ; 133       ;
; Logic element usage by number of LUT inputs ;           ;
;     -- 4 input functions                    ; 14        ;
;     -- 3 input functions                    ; 76        ;
;     -- <=2 input functions                  ; 43        ;
;                                             ;           ;
; Logic elements by mode                      ;           ;
;     -- normal mode                          ; 110       ;
;     -- arithmetic mode                      ; 23        ;
;                                             ;           ;
; Total registers                             ; 83        ;
;     -- Dedicated logic registers            ; 83        ;
;     -- I/O registers                        ; 0         ;
;                                             ;           ;
; I/O pins                                    ; 23        ;
; Total memory bits                           ; 272       ;
;                                             ;           ;
; Embedded Multiplier 9-bit elements          ; 2         ;
;                                             ;           ;
; Maximum fan-out node                        ; clk~input ;
; Maximum fan-out                             ; 117       ;
; Total fan-out                               ; 1010      ;
; Average fan-out                             ; 3.39      ;
+---------------------------------------------+-----------+


+-----------------------------------------------------------------------------------------------------------------------------------------------------------------------------------------------------------------------------------------------------------------------------------------------------------------------------------------------------+
; Analysis & Synthesis Resource Utilization by Entity                                                                                                                                                                                                                                                                                                 ;
+-------------------------------------------+---------------------+---------------------------+-------------+--------------+---------+-----------+------+--------------+---------------------------------------------------------------------------------------------------------------------------------------------+-----------------+--------------+
; Compilation Hierarchy Node                ; Combinational ALUTs ; Dedicated Logic Registers ; Memory Bits ; DSP Elements ; DSP 9x9 ; DSP 18x18 ; Pins ; Virtual Pins ; Full Hierarchy Name                                                                                                                         ; Entity Name     ; Library Name ;
+-------------------------------------------+---------------------+---------------------------+-------------+--------------+---------+-----------+------+--------------+---------------------------------------------------------------------------------------------------------------------------------------------+-----------------+--------------+
; |Accelerator                              ; 133 (1)             ; 83 (0)                    ; 272         ; 2            ; 0       ; 1         ; 23   ; 0            ; |Accelerator                                                                                                                                ; Accelerator     ; work         ;
;    |ControllerAcc:cntrl|                  ; 15 (15)             ; 11 (11)                   ; 0           ; 0            ; 0       ; 0         ; 0    ; 0            ; |Accelerator|ControllerAcc:cntrl                                                                                                            ; ControllerAcc   ; work         ;
;    |FIFO:fifo|                            ; 17 (0)              ; 11 (0)                    ; 144         ; 0            ; 0       ; 0         ; 0    ; 0            ; |Accelerator|FIFO:fifo                                                                                                                      ; FIFO            ; work         ;
;       |scfifo:scfifo_component|           ; 17 (0)              ; 11 (0)                    ; 144         ; 0            ; 0       ; 0         ; 0    ; 0            ; |Accelerator|FIFO:fifo|scfifo:scfifo_component                                                                                              ; scfifo          ; work         ;
;          |scfifo_pj21:auto_generated|     ; 17 (0)              ; 11 (0)                    ; 144         ; 0            ; 0       ; 0         ; 0    ; 0            ; |Accelerator|FIFO:fifo|scfifo:scfifo_component|scfifo_pj21:auto_generated                                                                   ; scfifo_pj21     ; work         ;
;             |a_dpfifo_0q21:dpfifo|        ; 17 (2)              ; 11 (0)                    ; 144         ; 0            ; 0       ; 0         ; 0    ; 0            ; |Accelerator|FIFO:fifo|scfifo:scfifo_component|scfifo_pj21:auto_generated|a_dpfifo_0q21:dpfifo                                              ; a_dpfifo_0q21   ; work         ;
;                |a_fefifo_n4e:fifo_state|  ; 9 (6)               ; 5 (2)                     ; 0           ; 0            ; 0       ; 0         ; 0    ; 0            ; |Accelerator|FIFO:fifo|scfifo:scfifo_component|scfifo_pj21:auto_generated|a_dpfifo_0q21:dpfifo|a_fefifo_n4e:fifo_state                      ; a_fefifo_n4e    ; work         ;
;                   |cntr_ao7:count_usedw|  ; 3 (3)               ; 3 (3)                     ; 0           ; 0            ; 0       ; 0         ; 0    ; 0            ; |Accelerator|FIFO:fifo|scfifo:scfifo_component|scfifo_pj21:auto_generated|a_dpfifo_0q21:dpfifo|a_fefifo_n4e:fifo_state|cntr_ao7:count_usedw ; cntr_ao7        ; work         ;
;                |altsyncram_ahm1:FIFOram|  ; 0 (0)               ; 0 (0)                     ; 144         ; 0            ; 0       ; 0         ; 0    ; 0            ; |Accelerator|FIFO:fifo|scfifo:scfifo_component|scfifo_pj21:auto_generated|a_dpfifo_0q21:dpfifo|altsyncram_ahm1:FIFOram                      ; altsyncram_ahm1 ; work         ;
;                |cntr_unb:rd_ptr_count|    ; 3 (3)               ; 3 (3)                     ; 0           ; 0            ; 0       ; 0         ; 0    ; 0            ; |Accelerator|FIFO:fifo|scfifo:scfifo_component|scfifo_pj21:auto_generated|a_dpfifo_0q21:dpfifo|cntr_unb:rd_ptr_count                        ; cntr_unb        ; work         ;
;                |cntr_unb:wr_ptr|          ; 3 (3)               ; 3 (3)                     ; 0           ; 0            ; 0       ; 0         ; 0    ; 0            ; |Accelerator|FIFO:fifo|scfifo:scfifo_component|scfifo_pj21:auto_generated|a_dpfifo_0q21:dpfifo|cntr_unb:wr_ptr                              ; cntr_unb        ; work         ;
;    |Rom:rom|                              ; 0 (0)               ; 0 (0)                     ; 128         ; 0            ; 0       ; 0         ; 0    ; 0            ; |Accelerator|Rom:rom                                                                                                                        ; Rom             ; work         ;
;       |altsyncram:altsyncram_component|   ; 0 (0)               ; 0 (0)                     ; 128         ; 0            ; 0       ; 0         ; 0    ; 0            ; |Accelerator|Rom:rom|altsyncram:altsyncram_component                                                                                        ; altsyncram      ; work         ;
;          |altsyncram_ql91:auto_generated| ; 0 (0)               ; 0 (0)                     ; 128         ; 0            ; 0       ; 0         ; 0    ; 0            ; |Accelerator|Rom:rom|altsyncram:altsyncram_component|altsyncram_ql91:auto_generated                                                         ; altsyncram_ql91 ; work         ;
;    |exponential:exp|                      ; 100 (0)             ; 61 (0)                    ; 0           ; 2            ; 0       ; 1         ; 0    ; 0            ; |Accelerator|exponential:exp                                                                                                                ; exponential     ; work         ;
;       |controller:control|                ; 5 (5)               ; 7 (7)                     ; 0           ; 0            ; 0       ; 0         ; 0    ; 0            ; |Accelerator|exponential:exp|controller:control                                                                                             ; controller      ; work         ;
;       |datapath:dP|                       ; 95 (0)              ; 54 (0)                    ; 0           ; 2            ; 0       ; 1         ; 0    ; 0            ; |Accelerator|exponential:exp|datapath:dP                                                                                                    ; datapath        ; work         ;
;          |LUT:lut|                        ; 21 (21)             ; 0 (0)                     ; 0           ; 0            ; 0       ; 0         ; 0    ; 0            ; |Accelerator|exponential:exp|datapath:dP|LUT:lut                                                                                            ; LUT             ; work         ;
;          |counter:count|                  ; 5 (5)               ; 4 (4)                     ; 0           ; 0            ; 0       ; 0         ; 0    ; 0            ; |Accelerator|exponential:exp|datapath:dP|counter:count                                                                                      ; counter         ; work         ;
;          |multiplier:mult|                ; 0 (0)               ; 0 (0)                     ; 0           ; 2            ; 0       ; 1         ; 0    ; 0            ; |Accelerator|exponential:exp|datapath:dP|multiplier:mult                                                                                    ; multiplier      ; work         ;
;             |lpm_mult:Mult0|              ; 0 (0)               ; 0 (0)                     ; 0           ; 2            ; 0       ; 1         ; 0    ; 0            ; |Accelerator|exponential:exp|datapath:dP|multiplier:mult|lpm_mult:Mult0                                                                     ; lpm_mult        ; work         ;
;                |mult_7dt:auto_generated|  ; 0 (0)               ; 0 (0)                     ; 0           ; 2            ; 0       ; 1         ; 0    ; 0            ; |Accelerator|exponential:exp|datapath:dP|multiplier:mult|lpm_mult:Mult0|mult_7dt:auto_generated                                             ; mult_7dt        ; work         ;
;          |mux2to1:mux|                    ; 16 (16)             ; 0 (0)                     ; 0           ; 0            ; 0       ; 0         ; 0    ; 0            ; |Accelerator|exponential:exp|datapath:dP|mux2to1:mux                                                                                        ; mux2to1         ; work         ;
;          |register18:rres|                ; 19 (19)             ; 18 (18)                   ; 0           ; 0            ; 0       ; 0         ; 0    ; 0            ; |Accelerator|exponential:exp|datapath:dP|register18:rres                                                                                    ; register18      ; work         ;
;          |register:regx|                  ; 17 (17)             ; 16 (16)                   ; 0           ; 0            ; 0       ; 0         ; 0    ; 0            ; |Accelerator|exponential:exp|datapath:dP|register:regx                                                                                      ; register        ; work         ;
;          |register:rtemp|                 ; 17 (17)             ; 16 (16)                   ; 0           ; 0            ; 0       ; 0         ; 0    ; 0            ; |Accelerator|exponential:exp|datapath:dP|register:rtemp                                                                                     ; register        ; work         ;
+-------------------------------------------+---------------------+---------------------------+-------------+--------------+---------+-----------+------+--------------+---------------------------------------------------------------------------------------------------------------------------------------------+-----------------+--------------+
Note: For table entries with two numbers listed, the numbers in parentheses indicate the number of resources of the given type used by the specific entity alone. The numbers listed outside of parentheses indicate the total resources of the given type used by the specific entity and all of its sub-entities in the hierarchy.


+------------------------------------------------------------------------------------------------------------------------------------------------------------------------------------------------------------------------------+
; Analysis & Synthesis RAM Summary                                                                                                                                                                                             ;
+----------------------------------------------------------------------------------------------------------------------+------+------------------+--------------+--------------+--------------+--------------+------+----------+
; Name                                                                                                                 ; Type ; Mode             ; Port A Depth ; Port A Width ; Port B Depth ; Port B Width ; Size ; MIF      ;
+----------------------------------------------------------------------------------------------------------------------+------+------------------+--------------+--------------+--------------+--------------+------+----------+
; FIFO:fifo|scfifo:scfifo_component|scfifo_pj21:auto_generated|a_dpfifo_0q21:dpfifo|altsyncram_ahm1:FIFOram|ALTSYNCRAM ; AUTO ; Simple Dual Port ; 8            ; 18           ; 8            ; 18           ; 144  ; None     ;
; Rom:rom|altsyncram:altsyncram_component|altsyncram_ql91:auto_generated|ALTSYNCRAM                                    ; AUTO ; ROM              ; 8            ; 16           ; --           ; --           ; 128  ; File.mif ;
+----------------------------------------------------------------------------------------------------------------------+------+------------------+--------------+--------------+--------------+--------------+------+----------+


+-----------------------------------------------------+
; Analysis & Synthesis DSP Block Usage Summary        ;
+---------------------------------------+-------------+
; Statistic                             ; Number Used ;
+---------------------------------------+-------------+
; Simple Multipliers (9-bit)            ; 0           ;
; Simple Multipliers (18-bit)           ; 1           ;
; Embedded Multiplier Blocks            ; --          ;
; Embedded Multiplier 9-bit elements    ; 2           ;
; Signed Embedded Multipliers           ; 0           ;
; Unsigned Embedded Multipliers         ; 1           ;
; Mixed Sign Embedded Multipliers       ; 0           ;
; Variable Sign Embedded Multipliers    ; 0           ;
; Dedicated Input Shift Register Chains ; 0           ;
+---------------------------------------+-------------+
Note: number of Embedded Multiplier Blocks used is only available after a successful fit.


+----------------------------------------------------------------------------------------------------------+
; Analysis & Synthesis IP Cores Summary                                                                    ;
+--------+--------------+---------+--------------+--------------+------------------------+-----------------+
; Vendor ; IP Core Name ; Version ; Release Date ; License Type ; Entity Instance        ; IP Include File ;
+--------+--------------+---------+--------------+--------------+------------------------+-----------------+
; Altera ; FIFO         ; 20.1    ; N/A          ; N/A          ; |Accelerator|FIFO:fifo ; FIFO.v          ;
; Altera ; ROM: 1-PORT  ; 20.1    ; N/A          ; N/A          ; |Accelerator|Rom:rom   ; Rom.v           ;
+--------+--------------+---------+--------------+--------------+------------------------+-----------------+


Encoding Type:  One-Hot
+--------------------------------------------------------------------------------------------------------+
; State Machine - |Accelerator|exponential:exp|controller:control|ps                                     ;
+-------------------+------------+--------+----------+----------+----------+-------------------+---------+
; Name              ; ps.setdone ; ps.Add ; ps.Mult2 ; ps.Mult1 ; ps.Begin ; ps.Initialization ; ps.Idle ;
+-------------------+------------+--------+----------+----------+----------+-------------------+---------+
; ps.Idle           ; 0          ; 0      ; 0        ; 0        ; 0        ; 0                 ; 0       ;
; ps.Initialization ; 0          ; 0      ; 0        ; 0        ; 0        ; 1                 ; 1       ;
; ps.Begin          ; 0          ; 0      ; 0        ; 0        ; 1        ; 0                 ; 1       ;
; ps.Mult1          ; 0          ; 0      ; 0        ; 1        ; 0        ; 0                 ; 1       ;
; ps.Mult2          ; 0          ; 0      ; 1        ; 0        ; 0        ; 0                 ; 1       ;
; ps.Add            ; 0          ; 1      ; 0        ; 0        ; 0        ; 0                 ; 1       ;
; ps.setdone        ; 1          ; 0      ; 0        ; 0        ; 0        ; 0                 ; 1       ;
+-------------------+------------+--------+----------+----------+----------+-------------------+---------+


Encoding Type:  One-Hot
+-------------------------------------------------------------------------------------------------------------------+
; State Machine - |Accelerator|ControllerAcc:cntrl|ps                                                               ;
+--------------+----------+-------------+--------------+-------------+------------+-------------+---------+---------+
; Name         ; ps.Final ; ps.ReadFIFO ; ps.WriteDone ; ps.CountRom ; ps.EngDone ; ps.EngStart ; ps.Wait ; ps.Idle ;
+--------------+----------+-------------+--------------+-------------+------------+-------------+---------+---------+
; ps.Idle      ; 0        ; 0           ; 0            ; 0           ; 0          ; 0           ; 0       ; 0       ;
; ps.Wait      ; 0        ; 0           ; 0            ; 0           ; 0          ; 0           ; 1       ; 1       ;
; ps.EngStart  ; 0        ; 0           ; 0            ; 0           ; 0          ; 1           ; 0       ; 1       ;
; ps.EngDone   ; 0        ; 0           ; 0            ; 0           ; 1          ; 0           ; 0       ; 1       ;
; ps.CountRom  ; 0        ; 0           ; 0            ; 1           ; 0          ; 0           ; 0       ; 1       ;
; ps.WriteDone ; 0        ; 0           ; 1            ; 0           ; 0          ; 0           ; 0       ; 1       ;
; ps.ReadFIFO  ; 0        ; 1           ; 0            ; 0           ; 0          ; 0           ; 0       ; 1       ;
; ps.Final     ; 1        ; 0           ; 0            ; 0           ; 0          ; 0           ; 0       ; 1       ;
+--------------+----------+-------------+--------------+-------------+------------+-------------+---------+---------+


+---------------------------------------------------------------------------------------------------------------------------------+
; User-Specified and Inferred Latches                                                                                             ;
+-----------------------------------------------------+--------------------------------------------------+------------------------+
; Latch Name                                          ; Latch Enable Signal                              ; Free of Timing Hazards ;
+-----------------------------------------------------+--------------------------------------------------+------------------------+
; exponential:exp|datapath:dP|LUT:lut|datat[0]        ; exponential:exp|datapath:dP|counter:count|out[3] ; yes                    ;
; exponential:exp|datapath:dP|LUT:lut|datat[1]        ; exponential:exp|datapath:dP|counter:count|out[3] ; yes                    ;
; exponential:exp|datapath:dP|LUT:lut|datat[2]        ; exponential:exp|datapath:dP|counter:count|out[3] ; yes                    ;
; exponential:exp|datapath:dP|LUT:lut|datat[3]        ; exponential:exp|datapath:dP|counter:count|out[3] ; yes                    ;
; exponential:exp|datapath:dP|LUT:lut|datat[4]        ; exponential:exp|datapath:dP|counter:count|out[3] ; yes                    ;
; exponential:exp|datapath:dP|LUT:lut|datat[5]        ; exponential:exp|datapath:dP|counter:count|out[3] ; yes                    ;
; exponential:exp|datapath:dP|LUT:lut|datat[6]        ; exponential:exp|datapath:dP|counter:count|out[3] ; yes                    ;
; exponential:exp|datapath:dP|LUT:lut|datat[7]        ; exponential:exp|datapath:dP|counter:count|out[3] ; yes                    ;
; exponential:exp|datapath:dP|LUT:lut|datat[8]        ; exponential:exp|datapath:dP|counter:count|out[3] ; yes                    ;
; exponential:exp|datapath:dP|LUT:lut|datat[9]        ; exponential:exp|datapath:dP|counter:count|out[3] ; yes                    ;
; exponential:exp|datapath:dP|LUT:lut|datat[10]       ; exponential:exp|datapath:dP|counter:count|out[3] ; yes                    ;
; exponential:exp|datapath:dP|LUT:lut|datat[11]       ; exponential:exp|datapath:dP|counter:count|out[3] ; yes                    ;
; exponential:exp|datapath:dP|LUT:lut|datat[12]       ; exponential:exp|datapath:dP|counter:count|out[3] ; yes                    ;
; exponential:exp|datapath:dP|LUT:lut|datat[13]       ; exponential:exp|datapath:dP|counter:count|out[3] ; yes                    ;
; exponential:exp|datapath:dP|LUT:lut|datat[14]       ; exponential:exp|datapath:dP|counter:count|out[3] ; yes                    ;
; exponential:exp|datapath:dP|LUT:lut|datat[15]       ; exponential:exp|datapath:dP|counter:count|out[3] ; yes                    ;
; Number of user-specified and inferred latches = 16  ;                                                  ;                        ;
+-----------------------------------------------------+--------------------------------------------------+------------------------+
Note: All latches listed above may not be present at the end of synthesis due to various synthesis optimizations.


+--------------------------------------------------------------+
; Registers Removed During Synthesis                           ;
+-----------------------------------------+--------------------+
; Register name                           ; Reason for Removal ;
+-----------------------------------------+--------------------+
; exponential:exp|controller:control|ps~4 ; Lost fanout        ;
; exponential:exp|controller:control|ps~5 ; Lost fanout        ;
; exponential:exp|controller:control|ps~6 ; Lost fanout        ;
; ControllerAcc:cntrl|ps~4                ; Lost fanout        ;
; ControllerAcc:cntrl|ps~5                ; Lost fanout        ;
; ControllerAcc:cntrl|ps~6                ; Lost fanout        ;
; Total Number of Removed Registers = 6   ;                    ;
+-----------------------------------------+--------------------+


+------------------------------------------------------+
; General Register Statistics                          ;
+----------------------------------------------+-------+
; Statistic                                    ; Value ;
+----------------------------------------------+-------+
; Total registers                              ; 83    ;
; Number of registers using Synchronous Clear  ; 2     ;
; Number of registers using Synchronous Load   ; 18    ;
; Number of registers using Asynchronous Clear ; 72    ;
; Number of registers using Asynchronous Load  ; 0     ;
; Number of registers using Clock Enable       ; 68    ;
; Number of registers using Preset             ; 0     ;
+----------------------------------------------+-------+


+----------------------------------------------------------------------------------------------------------------------------------------------------------------------------------+
; Multiplexer Restructuring Statistics (Restructuring Performed)                                                                                                                   ;
+--------------------+-----------+---------------+----------------------+------------------------+------------+--------------------------------------------------------------------+
; Multiplexer Inputs ; Bus Width ; Baseline Area ; Area if Restructured ; Saving if Restructured ; Registered ; Example Multiplexer Output                                         ;
+--------------------+-----------+---------------+----------------------+------------------------+------------+--------------------------------------------------------------------+
; 3:1                ; 16 bits   ; 32 LEs        ; 16 LEs               ; 16 LEs                 ; Yes        ; |Accelerator|exponential:exp|datapath:dP|register:regx|r_out[6]    ;
; 3:1                ; 4 bits    ; 8 LEs         ; 4 LEs                ; 4 LEs                  ; Yes        ; |Accelerator|exponential:exp|datapath:dP|counter:count|out[0]      ;
; 3:1                ; 18 bits   ; 36 LEs        ; 18 LEs               ; 18 LEs                 ; Yes        ; |Accelerator|exponential:exp|datapath:dP|register18:rres|r_out[13] ;
; 3:1                ; 3 bits    ; 6 LEs         ; 3 LEs                ; 3 LEs                  ; Yes        ; |Accelerator|ControllerAcc:cntrl|counter[2]                        ;
; 4:1                ; 16 bits   ; 32 LEs        ; 32 LEs               ; 0 LEs                  ; Yes        ; |Accelerator|exponential:exp|datapath:dP|register:rtemp|r_out[9]   ;
+--------------------+-----------+---------------+----------------------+------------------------+------------+--------------------------------------------------------------------+


+-----------------------------------------------------------------------------------------------+
; Source assignments for Rom:rom|altsyncram:altsyncram_component|altsyncram_ql91:auto_generated ;
+---------------------------------+--------------------+------+---------------------------------+
; Assignment                      ; Value              ; From ; To                              ;
+---------------------------------+--------------------+------+---------------------------------+
; OPTIMIZE_POWER_DURING_SYNTHESIS ; NORMAL_COMPILATION ; -    ; -                               ;
+---------------------------------+--------------------+------+---------------------------------+


+----------------------------------------------------------------------------------------------------------------------------------+
; Source assignments for FIFO:fifo|scfifo:scfifo_component|scfifo_pj21:auto_generated|a_dpfifo_0q21:dpfifo|altsyncram_ahm1:FIFOram ;
+---------------------------------+--------------------+------+--------------------------------------------------------------------+
; Assignment                      ; Value              ; From ; To                                                                 ;
+---------------------------------+--------------------+------+--------------------------------------------------------------------+
; OPTIMIZE_POWER_DURING_SYNTHESIS ; NORMAL_COMPILATION ; -    ; -                                                                  ;
+---------------------------------+--------------------+------+--------------------------------------------------------------------+


+------------------------------------------------------------------+
; Parameter Settings for User Entity Instance: ControllerAcc:cntrl ;
+----------------+-------+-----------------------------------------+
; Parameter Name ; Value ; Type                                    ;
+----------------+-------+-----------------------------------------+
; Idle           ; 000   ; Unsigned Binary                         ;
; Wait           ; 001   ; Unsigned Binary                         ;
; EngStart       ; 010   ; Unsigned Binary                         ;
; EngDone        ; 011   ; Unsigned Binary                         ;
; CountRom       ; 100   ; Unsigned Binary                         ;
; WriteDone      ; 101   ; Unsigned Binary                         ;
; ReadFIFO       ; 110   ; Unsigned Binary                         ;
; Final          ; 111   ; Unsigned Binary                         ;
+----------------+-------+-----------------------------------------+
Note: In order to hide this table in the UI and the text report file, please set the "Show Parameter Settings in Synthesis Report" option in "Analysis and Synthesis Settings -> More Settings" to "Off".


+---------------------------------------------------------------------------------+
; Parameter Settings for User Entity Instance: exponential:exp|controller:control ;
+----------------+-------+--------------------------------------------------------+
; Parameter Name ; Value ; Type                                                   ;
+----------------+-------+--------------------------------------------------------+
; Idle           ; 000   ; Unsigned Binary                                        ;
; Initialization ; 001   ; Unsigned Binary                                        ;
; Begin          ; 010   ; Unsigned Binary                                        ;
; Mult1          ; 011   ; Unsigned Binary                                        ;
; Mult2          ; 100   ; Unsigned Binary                                        ;
; Add            ; 101   ; Unsigned Binary                                        ;
; setdone        ; 110   ; Unsigned Binary                                        ;
+----------------+-------+--------------------------------------------------------+
Note: In order to hide this table in the UI and the text report file, please set the "Show Parameter Settings in Synthesis Report" option in "Analysis and Synthesis Settings -> More Settings" to "Off".


+--------------------------------------------------------------------------------------+
; Parameter Settings for User Entity Instance: Rom:rom|altsyncram:altsyncram_component ;
+------------------------------------+----------------------+--------------------------+
; Parameter Name                     ; Value                ; Type                     ;
+------------------------------------+----------------------+--------------------------+
; BYTE_SIZE_BLOCK                    ; 8                    ; Untyped                  ;
; AUTO_CARRY_CHAINS                  ; ON                   ; AUTO_CARRY               ;
; IGNORE_CARRY_BUFFERS               ; OFF                  ; IGNORE_CARRY             ;
; AUTO_CASCADE_CHAINS                ; ON                   ; AUTO_CASCADE             ;
; IGNORE_CASCADE_BUFFERS             ; OFF                  ; IGNORE_CASCADE           ;
; WIDTH_BYTEENA                      ; 1                    ; Untyped                  ;
; OPERATION_MODE                     ; ROM                  ; Untyped                  ;
; WIDTH_A                            ; 16                   ; Signed Integer           ;
; WIDTHAD_A                          ; 3                    ; Signed Integer           ;
; NUMWORDS_A                         ; 8                    ; Signed Integer           ;
; OUTDATA_REG_A                      ; UNREGISTERED         ; Untyped                  ;
; ADDRESS_ACLR_A                     ; NONE                 ; Untyped                  ;
; OUTDATA_ACLR_A                     ; NONE                 ; Untyped                  ;
; WRCONTROL_ACLR_A                   ; NONE                 ; Untyped                  ;
; INDATA_ACLR_A                      ; NONE                 ; Untyped                  ;
; BYTEENA_ACLR_A                     ; NONE                 ; Untyped                  ;
; WIDTH_B                            ; 1                    ; Untyped                  ;
; WIDTHAD_B                          ; 1                    ; Untyped                  ;
; NUMWORDS_B                         ; 1                    ; Untyped                  ;
; INDATA_REG_B                       ; CLOCK1               ; Untyped                  ;
; WRCONTROL_WRADDRESS_REG_B          ; CLOCK1               ; Untyped                  ;
; RDCONTROL_REG_B                    ; CLOCK1               ; Untyped                  ;
; ADDRESS_REG_B                      ; CLOCK1               ; Untyped                  ;
; OUTDATA_REG_B                      ; UNREGISTERED         ; Untyped                  ;
; BYTEENA_REG_B                      ; CLOCK1               ; Untyped                  ;
; INDATA_ACLR_B                      ; NONE                 ; Untyped                  ;
; WRCONTROL_ACLR_B                   ; NONE                 ; Untyped                  ;
; ADDRESS_ACLR_B                     ; NONE                 ; Untyped                  ;
; OUTDATA_ACLR_B                     ; NONE                 ; Untyped                  ;
; RDCONTROL_ACLR_B                   ; NONE                 ; Untyped                  ;
; BYTEENA_ACLR_B                     ; NONE                 ; Untyped                  ;
; WIDTH_BYTEENA_A                    ; 1                    ; Signed Integer           ;
; WIDTH_BYTEENA_B                    ; 1                    ; Untyped                  ;
; RAM_BLOCK_TYPE                     ; AUTO                 ; Untyped                  ;
; BYTE_SIZE                          ; 8                    ; Untyped                  ;
; READ_DURING_WRITE_MODE_MIXED_PORTS ; DONT_CARE            ; Untyped                  ;
; READ_DURING_WRITE_MODE_PORT_A      ; NEW_DATA_NO_NBE_READ ; Untyped                  ;
; READ_DURING_WRITE_MODE_PORT_B      ; NEW_DATA_NO_NBE_READ ; Untyped                  ;
; INIT_FILE                          ; File.mif             ; Untyped                  ;
; INIT_FILE_LAYOUT                   ; PORT_A               ; Untyped                  ;
; MAXIMUM_DEPTH                      ; 0                    ; Untyped                  ;
; CLOCK_ENABLE_INPUT_A               ; BYPASS               ; Untyped                  ;
; CLOCK_ENABLE_INPUT_B               ; NORMAL               ; Untyped                  ;
; CLOCK_ENABLE_OUTPUT_A              ; BYPASS               ; Untyped                  ;
; CLOCK_ENABLE_OUTPUT_B              ; NORMAL               ; Untyped                  ;
; CLOCK_ENABLE_CORE_A                ; USE_INPUT_CLKEN      ; Untyped                  ;
; CLOCK_ENABLE_CORE_B                ; USE_INPUT_CLKEN      ; Untyped                  ;
; ENABLE_ECC                         ; FALSE                ; Untyped                  ;
; ECC_PIPELINE_STAGE_ENABLED         ; FALSE                ; Untyped                  ;
; WIDTH_ECCSTATUS                    ; 3                    ; Untyped                  ;
; DEVICE_FAMILY                      ; Cyclone IV E         ; Untyped                  ;
; CBXI_PARAMETER                     ; altsyncram_ql91      ; Untyped                  ;
+------------------------------------+----------------------+--------------------------+
Note: In order to hide this table in the UI and the text report file, please set the "Show Parameter Settings in Synthesis Report" option in "Analysis and Synthesis Settings -> More Settings" to "Off".


+--------------------------------------------------------------------------------+
; Parameter Settings for User Entity Instance: FIFO:fifo|scfifo:scfifo_component ;
+-------------------------+--------------+---------------------------------------+
; Parameter Name          ; Value        ; Type                                  ;
+-------------------------+--------------+---------------------------------------+
; AUTO_CARRY_CHAINS       ; ON           ; AUTO_CARRY                            ;
; IGNORE_CARRY_BUFFERS    ; OFF          ; IGNORE_CARRY                          ;
; AUTO_CASCADE_CHAINS     ; ON           ; AUTO_CASCADE                          ;
; IGNORE_CASCADE_BUFFERS  ; OFF          ; IGNORE_CASCADE                        ;
; lpm_width               ; 18           ; Signed Integer                        ;
; LPM_NUMWORDS            ; 8            ; Signed Integer                        ;
; LPM_WIDTHU              ; 3            ; Signed Integer                        ;
; LPM_SHOWAHEAD           ; OFF          ; Untyped                               ;
; UNDERFLOW_CHECKING      ; ON           ; Untyped                               ;
; OVERFLOW_CHECKING       ; ON           ; Untyped                               ;
; ALLOW_RWCYCLE_WHEN_FULL ; OFF          ; Untyped                               ;
; ADD_RAM_OUTPUT_REGISTER ; OFF          ; Untyped                               ;
; ALMOST_FULL_VALUE       ; 0            ; Untyped                               ;
; ALMOST_EMPTY_VALUE      ; 0            ; Untyped                               ;
; ENABLE_ECC              ; FALSE        ; Untyped                               ;
; USE_EAB                 ; ON           ; Untyped                               ;
; MAXIMIZE_SPEED          ; 5            ; Untyped                               ;
; DEVICE_FAMILY           ; Cyclone IV E ; Untyped                               ;
; OPTIMIZE_FOR_SPEED      ; 5            ; Untyped                               ;
; CBXI_PARAMETER          ; scfifo_pj21  ; Untyped                               ;
+-------------------------+--------------+---------------------------------------+
Note: In order to hide this table in the UI and the text report file, please set the "Show Parameter Settings in Synthesis Report" option in "Analysis and Synthesis Settings -> More Settings" to "Off".


+-------------------------------------------------------------------------------------------------------------+
; Parameter Settings for Inferred Entity Instance: exponential:exp|datapath:dP|multiplier:mult|lpm_mult:Mult0 ;
+------------------------------------------------+--------------+---------------------------------------------+
; Parameter Name                                 ; Value        ; Type                                        ;
+------------------------------------------------+--------------+---------------------------------------------+
; AUTO_CARRY_CHAINS                              ; ON           ; AUTO_CARRY                                  ;
; IGNORE_CARRY_BUFFERS                           ; OFF          ; IGNORE_CARRY                                ;
; AUTO_CASCADE_CHAINS                            ; ON           ; AUTO_CASCADE                                ;
; IGNORE_CASCADE_BUFFERS                         ; OFF          ; IGNORE_CASCADE                              ;
; LPM_WIDTHA                                     ; 16           ; Untyped                                     ;
; LPM_WIDTHB                                     ; 16           ; Untyped                                     ;
; LPM_WIDTHP                                     ; 32           ; Untyped                                     ;
; LPM_WIDTHR                                     ; 32           ; Untyped                                     ;
; LPM_WIDTHS                                     ; 1            ; Untyped                                     ;
; LPM_REPRESENTATION                             ; UNSIGNED     ; Untyped                                     ;
; LPM_PIPELINE                                   ; 0            ; Untyped                                     ;
; LATENCY                                        ; 0            ; Untyped                                     ;
; INPUT_A_IS_CONSTANT                            ; NO           ; Untyped                                     ;
; INPUT_B_IS_CONSTANT                            ; NO           ; Untyped                                     ;
; USE_EAB                                        ; OFF          ; Untyped                                     ;
; MAXIMIZE_SPEED                                 ; 6            ; Untyped                                     ;
; DEVICE_FAMILY                                  ; Cyclone IV E ; Untyped                                     ;
; CARRY_CHAIN                                    ; MANUAL       ; Untyped                                     ;
; APEX20K_TECHNOLOGY_MAPPER                      ; LUT          ; TECH_MAPPER_APEX20K                         ;
; DEDICATED_MULTIPLIER_CIRCUITRY                 ; AUTO         ; Untyped                                     ;
; DEDICATED_MULTIPLIER_MIN_INPUT_WIDTH_FOR_AUTO  ; 0            ; Untyped                                     ;
; DEDICATED_MULTIPLIER_MIN_OUTPUT_WIDTH_FOR_AUTO ; 0            ; Untyped                                     ;
; CBXI_PARAMETER                                 ; mult_7dt     ; Untyped                                     ;
; INPUT_A_FIXED_VALUE                            ; Bx           ; Untyped                                     ;
; INPUT_B_FIXED_VALUE                            ; Bx           ; Untyped                                     ;
; USE_AHDL_IMPLEMENTATION                        ; OFF          ; Untyped                                     ;
+------------------------------------------------+--------------+---------------------------------------------+
Note: In order to hide this table in the UI and the text report file, please set the "Show Parameter Settings in Synthesis Report" option in "Analysis and Synthesis Settings -> More Settings" to "Off".


+-------------------------------------------------------------------------------------+
; altsyncram Parameter Settings by Entity Instance                                    ;
+-------------------------------------------+-----------------------------------------+
; Name                                      ; Value                                   ;
+-------------------------------------------+-----------------------------------------+
; Number of entity instances                ; 1                                       ;
; Entity Instance                           ; Rom:rom|altsyncram:altsyncram_component ;
;     -- OPERATION_MODE                     ; ROM                                     ;
;     -- WIDTH_A                            ; 16                                      ;
;     -- NUMWORDS_A                         ; 8                                       ;
;     -- OUTDATA_REG_A                      ; UNREGISTERED                            ;
;     -- WIDTH_B                            ; 1                                       ;
;     -- NUMWORDS_B                         ; 1                                       ;
;     -- ADDRESS_REG_B                      ; CLOCK1                                  ;
;     -- OUTDATA_REG_B                      ; UNREGISTERED                            ;
;     -- RAM_BLOCK_TYPE                     ; AUTO                                    ;
;     -- READ_DURING_WRITE_MODE_MIXED_PORTS ; DONT_CARE                               ;
+-------------------------------------------+-----------------------------------------+


+----------------------------------------------------------------+
; scfifo Parameter Settings by Entity Instance                   ;
+----------------------------+-----------------------------------+
; Name                       ; Value                             ;
+----------------------------+-----------------------------------+
; Number of entity instances ; 1                                 ;
; Entity Instance            ; FIFO:fifo|scfifo:scfifo_component ;
;     -- FIFO Type           ; Single Clock                      ;
;     -- lpm_width           ; 18                                ;
;     -- LPM_NUMWORDS        ; 8                                 ;
;     -- LPM_SHOWAHEAD       ; OFF                               ;
;     -- USE_EAB             ; ON                                ;
+----------------------------+-----------------------------------+


+----------------------------------------------------------------------------------------------------+
; lpm_mult Parameter Settings by Entity Instance                                                     ;
+---------------------------------------+------------------------------------------------------------+
; Name                                  ; Value                                                      ;
+---------------------------------------+------------------------------------------------------------+
; Number of entity instances            ; 1                                                          ;
; Entity Instance                       ; exponential:exp|datapath:dP|multiplier:mult|lpm_mult:Mult0 ;
;     -- LPM_WIDTHA                     ; 16                                                         ;
;     -- LPM_WIDTHB                     ; 16                                                         ;
;     -- LPM_WIDTHP                     ; 32                                                         ;
;     -- LPM_REPRESENTATION             ; UNSIGNED                                                   ;
;     -- INPUT_A_IS_CONSTANT            ; NO                                                         ;
;     -- INPUT_B_IS_CONSTANT            ; NO                                                         ;
;     -- USE_EAB                        ; OFF                                                        ;
;     -- DEDICATED_MULTIPLIER_CIRCUITRY ; AUTO                                                       ;
;     -- INPUT_A_FIXED_VALUE            ; Bx                                                         ;
;     -- INPUT_B_FIXED_VALUE            ; Bx                                                         ;
+---------------------------------------+------------------------------------------------------------+


+-------------------------------------------------------------------+
; Port Connectivity Checks: "exponential:exp|datapath:dP|adder:add" ;
+-----------+-------+----------+------------------------------------+
; Port      ; Type  ; Severity ; Details                            ;
+-----------+-------+----------+------------------------------------+
; b[17..16] ; Input ; Info     ; Stuck at GND                       ;
+-----------+-------+----------+------------------------------------+


+-----------------------------------------------------------------------+
; Port Connectivity Checks: "exponential:exp|datapath:dP|counter:count" ;
+------+-------+----------+---------------------------------------------+
; Port ; Type  ; Severity ; Details                                     ;
+------+-------+----------+---------------------------------------------+
; in   ; Input ; Info     ; Stuck at GND                                ;
+------+-------+----------+---------------------------------------------+


+-----------------------------------------------------+
; Post-Synthesis Netlist Statistics for Top Partition ;
+-----------------------+-----------------------------+
; Type                  ; Count                       ;
+-----------------------+-----------------------------+
; boundary_port         ; 23                          ;
; cycloneiii_ff         ; 83                          ;
;     CLR               ; 13                          ;
;     ENA               ; 9                           ;
;     ENA CLR           ; 39                          ;
;     ENA CLR SCLR      ; 2                           ;
;     ENA CLR SLD       ; 18                          ;
;     plain             ; 2                           ;
; cycloneiii_lcell_comb ; 133                         ;
;     arith             ; 23                          ;
;         2 data inputs ; 5                           ;
;         3 data inputs ; 18                          ;
;     normal            ; 110                         ;
;         0 data inputs ; 1                           ;
;         1 data inputs ; 5                           ;
;         2 data inputs ; 32                          ;
;         3 data inputs ; 58                          ;
;         4 data inputs ; 14                          ;
; cycloneiii_mac_mult   ; 1                           ;
; cycloneiii_mac_out    ; 1                           ;
; cycloneiii_ram_block  ; 34                          ;
;                       ;                             ;
; Max LUT depth         ; 2.70                        ;
; Average LUT depth     ; 1.24                        ;
+-----------------------+-----------------------------+


+-------------------------------+
; Elapsed Time Per Partition    ;
+----------------+--------------+
; Partition Name ; Elapsed Time ;
+----------------+--------------+
; Top            ; 00:00:00     ;
+----------------+--------------+


+-------------------------------+
; Analysis & Synthesis Messages ;
+-------------------------------+
Info: *******************************************************************
Info: Running Quartus Prime Analysis & Synthesis
    Info: Version 20.1.0 Build 711 06/05/2020 SJ Lite Edition
    Info: Processing started: Sat Jun 18 20:18:45 2022
Info: Command: quartus_map --read_settings_files=on --write_settings_files=off Accelerator -c Accelerator
Warning (18236): Number of processors has not been specified which may cause overloading on shared machines.  Set the global assignment NUM_PARALLEL_PROCESSORS in your QSF to an appropriate value for best performance.
Info (20030): Parallel compilation is enabled and will use 4 of the 4 processors detected
Info (12021): Found 1 design units, including 1 entities, in source file controlleracc.v
    Info (12023): Found entity 1: ControllerAcc File: C:/Users/MY-IDEA/Desktop/DLD_LAB4/ControllerAcc.v Line: 1
Info (12021): Found 1 design units, including 1 entities, in source file exp codes/exp codes/register18.v
    Info (12023): Found entity 1: register18 File: C:/Users/MY-IDEA/Desktop/DLD_LAB4/exp codes/exp codes/register18.v Line: 2
Info (12021): Found 1 design units, including 1 entities, in source file exp codes/exp codes/register.v
    Info (12023): Found entity 1: register File: C:/Users/MY-IDEA/Desktop/DLD_LAB4/exp codes/exp codes/register.v Line: 2
Info (12021): Found 1 design units, including 1 entities, in source file exp codes/exp codes/mux2to1.v
    Info (12023): Found entity 1: mux2to1 File: C:/Users/MY-IDEA/Desktop/DLD_LAB4/exp codes/exp codes/mux2to1.v Line: 2
Info (12021): Found 1 design units, including 1 entities, in source file exp codes/exp codes/multiplier.v
    Info (12023): Found entity 1: multiplier File: C:/Users/MY-IDEA/Desktop/DLD_LAB4/exp codes/exp codes/multiplier.v Line: 2
Info (12021): Found 1 design units, including 1 entities, in source file exp codes/exp codes/lutexp.v
    Info (12023): Found entity 1: LUT File: C:/Users/MY-IDEA/Desktop/DLD_LAB4/exp codes/exp codes/LUTExp.v Line: 1
Info (12021): Found 1 design units, including 1 entities, in source file exp codes/exp codes/exponential.v
    Info (12023): Found entity 1: exponential File: C:/Users/MY-IDEA/Desktop/DLD_LAB4/exp codes/exp codes/exponential.v Line: 1
Info (12021): Found 1 design units, including 1 entities, in source file exp codes/exp codes/datapath.v
    Info (12023): Found entity 1: datapath File: C:/Users/MY-IDEA/Desktop/DLD_LAB4/exp codes/exp codes/Datapath.v Line: 1
Info (12021): Found 1 design units, including 1 entities, in source file exp codes/exp codes/counter.v
    Info (12023): Found entity 1: counter File: C:/Users/MY-IDEA/Desktop/DLD_LAB4/exp codes/exp codes/Counter.v Line: 2
Info (12021): Found 1 design units, including 1 entities, in source file exp codes/exp codes/controller.v
    Info (12023): Found entity 1: controller File: C:/Users/MY-IDEA/Desktop/DLD_LAB4/exp codes/exp codes/Controller.v Line: 1
Info (12021): Found 1 design units, including 1 entities, in source file exp codes/exp codes/adder.v
    Info (12023): Found entity 1: adder File: C:/Users/MY-IDEA/Desktop/DLD_LAB4/exp codes/exp codes/adder.v Line: 1
Info (12021): Found 1 design units, including 1 entities, in source file rom.v
    Info (12023): Found entity 1: Rom File: C:/Users/MY-IDEA/Desktop/DLD_LAB4/Rom.v Line: 40
Info (12021): Found 1 design units, including 1 entities, in source file fifo.v
    Info (12023): Found entity 1: FIFO File: C:/Users/MY-IDEA/Desktop/DLD_LAB4/FIFO.v Line: 40
Info (12021): Found 1 design units, including 1 entities, in source file accelerator.bdf
    Info (12023): Found entity 1: Accelerator
Info (12127): Elaborating entity "Accelerator" for the top level hierarchy
Info (12128): Elaborating entity "ControllerAcc" for hierarchy "ControllerAcc:cntrl"
Warning (10230): Verilog HDL assignment warning at ControllerAcc.v(10): truncated value with size 7 to match size of target (6) File: C:/Users/MY-IDEA/Desktop/DLD_LAB4/ControllerAcc.v Line: 10
Info (12128): Elaborating entity "exponential" for hierarchy "exponential:exp"
Info (12128): Elaborating entity "controller" for hierarchy "exponential:exp|controller:control" File: C:/Users/MY-IDEA/Desktop/DLD_LAB4/exp codes/exp codes/exponential.v Line: 7
Info (12128): Elaborating entity "datapath" for hierarchy "exponential:exp|datapath:dP" File: C:/Users/MY-IDEA/Desktop/DLD_LAB4/exp codes/exp codes/exponential.v Line: 10
Info (12128): Elaborating entity "register" for hierarchy "exponential:exp|datapath:dP|register:regx" File: C:/Users/MY-IDEA/Desktop/DLD_LAB4/exp codes/exp codes/Datapath.v Line: 10
Info (12128): Elaborating entity "counter" for hierarchy "exponential:exp|datapath:dP|counter:count" File: C:/Users/MY-IDEA/Desktop/DLD_LAB4/exp codes/exp codes/Datapath.v Line: 12
Info (12128): Elaborating entity "LUT" for hierarchy "exponential:exp|datapath:dP|LUT:lut" File: C:/Users/MY-IDEA/Desktop/DLD_LAB4/exp codes/exp codes/Datapath.v Line: 14
Warning (10270): Verilog HDL Case Statement warning at LUTExp.v(4): incomplete case statement has no default case item File: C:/Users/MY-IDEA/Desktop/DLD_LAB4/exp codes/exp codes/LUTExp.v Line: 4
Warning (10240): Verilog HDL Always Construct warning at LUTExp.v(3): inferring latch(es) for variable "datat", which holds its previous value in one or more paths through the always construct File: C:/Users/MY-IDEA/Desktop/DLD_LAB4/exp codes/exp codes/LUTExp.v Line: 3
Info (10041): Inferred latch for "datat[0]" at LUTExp.v(3) File: C:/Users/MY-IDEA/Desktop/DLD_LAB4/exp codes/exp codes/LUTExp.v Line: 3
Info (10041): Inferred latch for "datat[1]" at LUTExp.v(3) File: C:/Users/MY-IDEA/Desktop/DLD_LAB4/exp codes/exp codes/LUTExp.v Line: 3
Info (10041): Inferred latch for "datat[2]" at LUTExp.v(3) File: C:/Users/MY-IDEA/Desktop/DLD_LAB4/exp codes/exp codes/LUTExp.v Line: 3
Info (10041): Inferred latch for "datat[3]" at LUTExp.v(3) File: C:/Users/MY-IDEA/Desktop/DLD_LAB4/exp codes/exp codes/LUTExp.v Line: 3
Info (10041): Inferred latch for "datat[4]" at LUTExp.v(3) File: C:/Users/MY-IDEA/Desktop/DLD_LAB4/exp codes/exp codes/LUTExp.v Line: 3
Info (10041): Inferred latch for "datat[5]" at LUTExp.v(3) File: C:/Users/MY-IDEA/Desktop/DLD_LAB4/exp codes/exp codes/LUTExp.v Line: 3
Info (10041): Inferred latch for "datat[6]" at LUTExp.v(3) File: C:/Users/MY-IDEA/Desktop/DLD_LAB4/exp codes/exp codes/LUTExp.v Line: 3
Info (10041): Inferred latch for "datat[7]" at LUTExp.v(3) File: C:/Users/MY-IDEA/Desktop/DLD_LAB4/exp codes/exp codes/LUTExp.v Line: 3
Info (10041): Inferred latch for "datat[8]" at LUTExp.v(3) File: C:/Users/MY-IDEA/Desktop/DLD_LAB4/exp codes/exp codes/LUTExp.v Line: 3
Info (10041): Inferred latch for "datat[9]" at LUTExp.v(3) File: C:/Users/MY-IDEA/Desktop/DLD_LAB4/exp codes/exp codes/LUTExp.v Line: 3
Info (10041): Inferred latch for "datat[10]" at LUTExp.v(3) File: C:/Users/MY-IDEA/Desktop/DLD_LAB4/exp codes/exp codes/LUTExp.v Line: 3
Info (10041): Inferred latch for "datat[11]" at LUTExp.v(3) File: C:/Users/MY-IDEA/Desktop/DLD_LAB4/exp codes/exp codes/LUTExp.v Line: 3
Info (10041): Inferred latch for "datat[12]" at LUTExp.v(3) File: C:/Users/MY-IDEA/Desktop/DLD_LAB4/exp codes/exp codes/LUTExp.v Line: 3
Info (10041): Inferred latch for "datat[13]" at LUTExp.v(3) File: C:/Users/MY-IDEA/Desktop/DLD_LAB4/exp codes/exp codes/LUTExp.v Line: 3
Info (10041): Inferred latch for "datat[14]" at LUTExp.v(3) File: C:/Users/MY-IDEA/Desktop/DLD_LAB4/exp codes/exp codes/LUTExp.v Line: 3
Info (10041): Inferred latch for "datat[15]" at LUTExp.v(3) File: C:/Users/MY-IDEA/Desktop/DLD_LAB4/exp codes/exp codes/LUTExp.v Line: 3
Info (12128): Elaborating entity "mux2to1" for hierarchy "exponential:exp|datapath:dP|mux2to1:mux" File: C:/Users/MY-IDEA/Desktop/DLD_LAB4/exp codes/exp codes/Datapath.v Line: 16
Info (12128): Elaborating entity "multiplier" for hierarchy "exponential:exp|datapath:dP|multiplier:mult" File: C:/Users/MY-IDEA/Desktop/DLD_LAB4/exp codes/exp codes/Datapath.v Line: 18
Info (12128): Elaborating entity "adder" for hierarchy "exponential:exp|datapath:dP|adder:add" File: C:/Users/MY-IDEA/Desktop/DLD_LAB4/exp codes/exp codes/Datapath.v Line: 21
Info (12128): Elaborating entity "register18" for hierarchy "exponential:exp|datapath:dP|register18:rres" File: C:/Users/MY-IDEA/Desktop/DLD_LAB4/exp codes/exp codes/Datapath.v Line: 23
Info (12128): Elaborating entity "Rom" for hierarchy "Rom:rom"
Info (12128): Elaborating entity "altsyncram" for hierarchy "Rom:rom|altsyncram:altsyncram_component" File: C:/Users/MY-IDEA/Desktop/DLD_LAB4/Rom.v Line: 82
Info (12130): Elaborated megafunction instantiation "Rom:rom|altsyncram:altsyncram_component" File: C:/Users/MY-IDEA/Desktop/DLD_LAB4/Rom.v Line: 82
Info (12133): Instantiated megafunction "Rom:rom|altsyncram:altsyncram_component" with the following parameter: File: C:/Users/MY-IDEA/Desktop/DLD_LAB4/Rom.v Line: 82
    Info (12134): Parameter "address_aclr_a" = "NONE"
    Info (12134): Parameter "clock_enable_input_a" = "BYPASS"
    Info (12134): Parameter "clock_enable_output_a" = "BYPASS"
    Info (12134): Parameter "init_file" = "File.mif"
    Info (12134): Parameter "intended_device_family" = "Cyclone IV E"
    Info (12134): Parameter "lpm_hint" = "ENABLE_RUNTIME_MOD=NO"
    Info (12134): Parameter "lpm_type" = "altsyncram"
    Info (12134): Parameter "numwords_a" = "8"
    Info (12134): Parameter "operation_mode" = "ROM"
    Info (12134): Parameter "outdata_aclr_a" = "NONE"
    Info (12134): Parameter "outdata_reg_a" = "UNREGISTERED"
    Info (12134): Parameter "widthad_a" = "3"
    Info (12134): Parameter "width_a" = "16"
    Info (12134): Parameter "width_byteena_a" = "1"
Info (12021): Found 1 design units, including 1 entities, in source file db/altsyncram_ql91.tdf
    Info (12023): Found entity 1: altsyncram_ql91 File: C:/Users/MY-IDEA/Desktop/DLD_LAB4/db/altsyncram_ql91.tdf Line: 28
Info (12128): Elaborating entity "altsyncram_ql91" for hierarchy "Rom:rom|altsyncram:altsyncram_component|altsyncram_ql91:auto_generated" File: c:/intelfpga_lite/20.1/quartus/libraries/megafunctions/altsyncram.tdf Line: 792
Info (12128): Elaborating entity "FIFO" for hierarchy "FIFO:fifo"
Info (12128): Elaborating entity "scfifo" for hierarchy "FIFO:fifo|scfifo:scfifo_component" File: C:/Users/MY-IDEA/Desktop/DLD_LAB4/FIFO.v Line: 73
Info (12130): Elaborated megafunction instantiation "FIFO:fifo|scfifo:scfifo_component" File: C:/Users/MY-IDEA/Desktop/DLD_LAB4/FIFO.v Line: 73
Info (12133): Instantiated megafunction "FIFO:fifo|scfifo:scfifo_component" with the following parameter: File: C:/Users/MY-IDEA/Desktop/DLD_LAB4/FIFO.v Line: 73
    Info (12134): Parameter "add_ram_output_register" = "OFF"
    Info (12134): Parameter "intended_device_family" = "Cyclone IV E"
    Info (12134): Parameter "lpm_numwords" = "8"
    Info (12134): Parameter "lpm_showahead" = "OFF"
    Info (12134): Parameter "lpm_type" = "scfifo"
    Info (12134): Parameter "lpm_width" = "18"
    Info (12134): Parameter "lpm_widthu" = "3"
    Info (12134): Parameter "overflow_checking" = "ON"
    Info (12134): Parameter "underflow_checking" = "ON"
    Info (12134): Parameter "use_eab" = "ON"
Info (12021): Found 1 design units, including 1 entities, in source file db/scfifo_pj21.tdf
    Info (12023): Found entity 1: scfifo_pj21 File: C:/Users/MY-IDEA/Desktop/DLD_LAB4/db/scfifo_pj21.tdf Line: 25
Info (12128): Elaborating entity "scfifo_pj21" for hierarchy "FIFO:fifo|scfifo:scfifo_component|scfifo_pj21:auto_generated" File: c:/intelfpga_lite/20.1/quartus/libraries/megafunctions/scfifo.tdf Line: 300
Info (12021): Found 1 design units, including 1 entities, in source file db/a_dpfifo_0q21.tdf
    Info (12023): Found entity 1: a_dpfifo_0q21 File: C:/Users/MY-IDEA/Desktop/DLD_LAB4/db/a_dpfifo_0q21.tdf Line: 29
Info (12128): Elaborating entity "a_dpfifo_0q21" for hierarchy "FIFO:fifo|scfifo:scfifo_component|scfifo_pj21:auto_generated|a_dpfifo_0q21:dpfifo" File: C:/Users/MY-IDEA/Desktop/DLD_LAB4/db/scfifo_pj21.tdf Line: 35
Info (12021): Found 1 design units, including 1 entities, in source file db/a_fefifo_n4e.tdf
    Info (12023): Found entity 1: a_fefifo_n4e File: C:/Users/MY-IDEA/Desktop/DLD_LAB4/db/a_fefifo_n4e.tdf Line: 25
Info (12128): Elaborating entity "a_fefifo_n4e" for hierarchy "FIFO:fifo|scfifo:scfifo_component|scfifo_pj21:auto_generated|a_dpfifo_0q21:dpfifo|a_fefifo_n4e:fifo_state" File: C:/Users/MY-IDEA/Desktop/DLD_LAB4/db/a_dpfifo_0q21.tdf Line: 40
Info (12021): Found 1 design units, including 1 entities, in source file db/cntr_ao7.tdf
    Info (12023): Found entity 1: cntr_ao7 File: C:/Users/MY-IDEA/Desktop/DLD_LAB4/db/cntr_ao7.tdf Line: 26
Info (12128): Elaborating entity "cntr_ao7" for hierarchy "FIFO:fifo|scfifo:scfifo_component|scfifo_pj21:auto_generated|a_dpfifo_0q21:dpfifo|a_fefifo_n4e:fifo_state|cntr_ao7:count_usedw" File: C:/Users/MY-IDEA/Desktop/DLD_LAB4/db/a_fefifo_n4e.tdf Line: 38
Info (12021): Found 1 design units, including 1 entities, in source file db/altsyncram_ahm1.tdf
    Info (12023): Found entity 1: altsyncram_ahm1 File: C:/Users/MY-IDEA/Desktop/DLD_LAB4/db/altsyncram_ahm1.tdf Line: 28
Info (12128): Elaborating entity "altsyncram_ahm1" for hierarchy "FIFO:fifo|scfifo:scfifo_component|scfifo_pj21:auto_generated|a_dpfifo_0q21:dpfifo|altsyncram_ahm1:FIFOram" File: C:/Users/MY-IDEA/Desktop/DLD_LAB4/db/a_dpfifo_0q21.tdf Line: 41
Info (12021): Found 1 design units, including 1 entities, in source file db/cntr_unb.tdf
    Info (12023): Found entity 1: cntr_unb File: C:/Users/MY-IDEA/Desktop/DLD_LAB4/db/cntr_unb.tdf Line: 26
Info (12128): Elaborating entity "cntr_unb" for hierarchy "FIFO:fifo|scfifo:scfifo_component|scfifo_pj21:auto_generated|a_dpfifo_0q21:dpfifo|cntr_unb:rd_ptr_count" File: C:/Users/MY-IDEA/Desktop/DLD_LAB4/db/a_dpfifo_0q21.tdf Line: 42
Info (278001): Inferred 1 megafunctions from design logic
    Info (278003): Inferred multiplier megafunction ("lpm_mult") from the following logic: "exponential:exp|datapath:dP|multiplier:mult|Mult0" File: C:/Users/MY-IDEA/Desktop/DLD_LAB4/exp codes/exp codes/multiplier.v Line: 4
Info (12130): Elaborated megafunction instantiation "exponential:exp|datapath:dP|multiplier:mult|lpm_mult:Mult0" File: C:/Users/MY-IDEA/Desktop/DLD_LAB4/exp codes/exp codes/multiplier.v Line: 4
Info (12133): Instantiated megafunction "exponential:exp|datapath:dP|multiplier:mult|lpm_mult:Mult0" with the following parameter: File: C:/Users/MY-IDEA/Desktop/DLD_LAB4/exp codes/exp codes/multiplier.v Line: 4
    Info (12134): Parameter "LPM_WIDTHA" = "16"
    Info (12134): Parameter "LPM_WIDTHB" = "16"
    Info (12134): Parameter "LPM_WIDTHP" = "32"
    Info (12134): Parameter "LPM_WIDTHR" = "32"
    Info (12134): Parameter "LPM_WIDTHS" = "1"
    Info (12134): Parameter "LPM_REPRESENTATION" = "UNSIGNED"
    Info (12134): Parameter "INPUT_A_IS_CONSTANT" = "NO"
    Info (12134): Parameter "INPUT_B_IS_CONSTANT" = "NO"
    Info (12134): Parameter "MAXIMIZE_SPEED" = "6"
Info (12021): Found 1 design units, including 1 entities, in source file db/mult_7dt.tdf
    Info (12023): Found entity 1: mult_7dt File: C:/Users/MY-IDEA/Desktop/DLD_LAB4/db/mult_7dt.tdf Line: 29
Info (13025): Duplicate LATCH primitives merged into single LATCH primitive
    Info (13026): Duplicate LATCH primitive "exponential:exp|datapath:dP|LUT:lut|datat[12]" merged with LATCH primitive "exponential:exp|datapath:dP|LUT:lut|datat[0]" File: C:/Users/MY-IDEA/Desktop/DLD_LAB4/exp codes/exp codes/LUTExp.v Line: 3
    Info (13026): Duplicate LATCH primitive "exponential:exp|datapath:dP|LUT:lut|datat[8]" merged with LATCH primitive "exponential:exp|datapath:dP|LUT:lut|datat[0]" File: C:/Users/MY-IDEA/Desktop/DLD_LAB4/exp codes/exp codes/LUTExp.v Line: 3
    Info (13026): Duplicate LATCH primitive "exponential:exp|datapath:dP|LUT:lut|datat[6]" merged with LATCH primitive "exponential:exp|datapath:dP|LUT:lut|datat[2]" File: C:/Users/MY-IDEA/Desktop/DLD_LAB4/exp codes/exp codes/LUTExp.v Line: 3
    Info (13026): Duplicate LATCH primitive "exponential:exp|datapath:dP|LUT:lut|datat[11]" merged with LATCH primitive "exponential:exp|datapath:dP|LUT:lut|datat[3]" File: C:/Users/MY-IDEA/Desktop/DLD_LAB4/exp codes/exp codes/LUTExp.v Line: 3
    Info (13026): Duplicate LATCH primitive "exponential:exp|datapath:dP|LUT:lut|datat[9]" merged with LATCH primitive "exponential:exp|datapath:dP|LUT:lut|datat[5]" File: C:/Users/MY-IDEA/Desktop/DLD_LAB4/exp codes/exp codes/LUTExp.v Line: 3
Info (286030): Timing-Driven Synthesis is running
Info (17049): 6 registers lost all their fanouts during netlist optimizations.
Info (16010): Generating hard_block partition "hard_block:auto_generated_inst"
    Info (16011): Adding 0 node(s), including 0 DDIO, 0 PLL, 0 transceiver and 0 LCELL
Info (21057): Implemented 197 device resources after synthesis - the final resource count might be different
    Info (21058): Implemented 4 input pins
    Info (21059): Implemented 19 output pins
    Info (21061): Implemented 138 logic cells
    Info (21064): Implemented 34 RAM segments
    Info (21062): Implemented 2 DSP elements
Info: Quartus Prime Analysis & Synthesis was successful. 0 errors, 4 warnings
    Info: Peak virtual memory: 4772 megabytes
    Info: Processing ended: Sat Jun 18 20:18:53 2022
    Info: Elapsed time: 00:00:08
    Info: Total CPU time (on all processors): 00:00:15


